2020-03-24 17:24:15,778 INFO o.s.b.StartupInfoLogger [main] Starting CMRestServiceApplication on L10INMUM01D2507 with PID 16196 (D:\courier_management\courier-management\cm-rest-service\target\classes started by asvyas in D:\courier_management\courier-management\cm-rest-service)
2020-03-24 17:24:15,784 DEBUG o.s.b.StartupInfoLogger [main] Running with Spring Boot v1.5.9.RELEASE, Spring v4.3.13.RELEASE
2020-03-24 17:24:15,784 INFO o.s.b.SpringApplication [main] No active profile set, falling back to default profiles: default
2020-03-24 17:24:20,162 INFO o.s.b.StartupInfoLogger [main] Started CMRestServiceApplication in 4.697 seconds (JVM running for 6.135)
2020-03-24 17:28:51,290 INFO o.s.b.StartupInfoLogger [main] Starting CMRestServiceApplication on L10INMUM01D2507 with PID 15560 (D:\courier_management\courier-management\cm-rest-service\target\classes started by asvyas in D:\courier_management\courier-management\cm-rest-service)
2020-03-24 17:28:51,295 DEBUG o.s.b.StartupInfoLogger [main] Running with Spring Boot v1.5.9.RELEASE, Spring v4.3.13.RELEASE
2020-03-24 17:28:51,295 INFO o.s.b.SpringApplication [main] No active profile set, falling back to default profiles: default
2020-03-24 17:28:55,563 INFO o.s.b.StartupInfoLogger [main] Started CMRestServiceApplication in 4.668 seconds (JVM running for 6.047)
2020-04-04 11:15:44,407 INFO o.s.b.StartupInfoLogger [main] Starting CMRestServiceApplication on L10INMUM01D2507 with PID 2096 (D:\courier_management\courier-management\cm-rest-service\target\classes started by asvyas in D:\courier_management\courier-management\cm-rest-service)
2020-04-04 11:15:44,411 DEBUG o.s.b.StartupInfoLogger [main] Running with Spring Boot v1.5.9.RELEASE, Spring v4.3.13.RELEASE
2020-04-04 11:15:44,412 INFO o.s.b.SpringApplication [main] No active profile set, falling back to default profiles: default
2020-04-04 11:15:50,208 INFO o.s.b.StartupInfoLogger [main] Started CMRestServiceApplication in 6.046 seconds (JVM running for 7.052)
2020-04-04 11:28:56,621 INFO o.s.b.StartupInfoLogger [main] Starting CMRestServiceApplication on L10INMUM01D2507 with PID 6632 (D:\courier_management\courier-management\cm-rest-service\target\classes started by asvyas in D:\courier_management\courier-management\cm-rest-service)
2020-04-04 11:28:56,626 DEBUG o.s.b.StartupInfoLogger [main] Running with Spring Boot v1.5.9.RELEASE, Spring v4.3.13.RELEASE
2020-04-04 11:28:56,626 INFO o.s.b.SpringApplication [main] No active profile set, falling back to default profiles: default
2020-04-04 11:29:00,232 INFO o.s.b.StartupInfoLogger [main] Started CMRestServiceApplication in 3.847 seconds (JVM running for 4.742)
2020-04-04 11:31:53,199 INFO o.s.b.StartupInfoLogger [main] Starting CMRestServiceApplication on L10INMUM01D2507 with PID 4040 (D:\courier_management\courier-management\cm-rest-service\target\classes started by asvyas in D:\courier_management\courier-management\cm-rest-service)
2020-04-04 11:31:53,203 DEBUG o.s.b.StartupInfoLogger [main] Running with Spring Boot v1.5.9.RELEASE, Spring v4.3.13.RELEASE
2020-04-04 11:31:53,203 INFO o.s.b.SpringApplication [main] No active profile set, falling back to default profiles: default
2020-04-04 11:31:55,402 DEBUG o.s.w.f.GenericFilterBean [localhost-startStop-1] Initializing filter 'CORSFilter'
2020-04-04 11:31:55,402 DEBUG o.s.w.f.GenericFilterBean [localhost-startStop-1] Filter 'CORSFilter' configured successfully
2020-04-04 11:31:56,719 INFO o.s.b.StartupInfoLogger [main] Started CMRestServiceApplication in 3.764 seconds (JVM running for 4.567)
2020-04-04 11:35:16,752 DEBUG o.a.i.l.j.BaseJdbcLogger [http-nio-5001-exec-9] ==>  Preparing: insert into user_details(name, email, phone, passwor) values(?, ?, ?, ?) 
2020-04-04 11:35:17,034 DEBUG o.a.i.l.j.BaseJdbcLogger [http-nio-5001-exec-9] ==> Parameters: ssfsf(String), ddddd@sdsd.fgfgf(String), 121212(String), 12121(String)
2020-04-04 11:36:16,548 INFO o.s.b.StartupInfoLogger [main] Starting CMRestServiceApplication on L10INMUM01D2507 with PID 2268 (D:\courier_management\courier-management\cm-rest-service\target\classes started by asvyas in D:\courier_management\courier-management\cm-rest-service)
2020-04-04 11:36:16,553 DEBUG o.s.b.StartupInfoLogger [main] Running with Spring Boot v1.5.9.RELEASE, Spring v4.3.13.RELEASE
2020-04-04 11:36:16,553 INFO o.s.b.SpringApplication [main] No active profile set, falling back to default profiles: default
2020-04-04 11:36:18,882 DEBUG o.s.w.f.GenericFilterBean [localhost-startStop-1] Initializing filter 'CORSFilter'
2020-04-04 11:36:18,882 DEBUG o.s.w.f.GenericFilterBean [localhost-startStop-1] Filter 'CORSFilter' configured successfully
2020-04-04 11:36:20,193 INFO o.s.b.StartupInfoLogger [main] Started CMRestServiceApplication in 3.894 seconds (JVM running for 4.847)
2020-04-04 11:47:09,925 DEBUG o.a.i.l.j.BaseJdbcLogger [http-nio-5001-exec-1] ==>  Preparing: insert into user_details(name, email, phone, password) values(?, ?, ?, ?) 
2020-04-04 11:47:10,257 DEBUG o.a.i.l.j.BaseJdbcLogger [http-nio-5001-exec-1] ==> Parameters: ssfsf(String), ddddd@sdsd.fgfgf(String), rere@dt.fgfg(String), ikUgnE0b(String)
2020-04-04 11:47:10,388 DEBUG o.a.i.l.j.BaseJdbcLogger [http-nio-5001-exec-1] <==    Updates: 1
2020-04-04 11:51:23,978 DEBUG o.a.i.l.j.BaseJdbcLogger [http-nio-5001-exec-4] ==>  Preparing: insert into user_details(name, email, phone, password) values(?, ?, ?, ?) 
2020-04-04 11:51:23,983 DEBUG o.a.i.l.j.BaseJdbcLogger [http-nio-5001-exec-4] ==> Parameters: ssfsf(String), ddddd@sdsd.fgfgf(String), rere@dt.fgfg(String), ikUgnE0b(String)
2020-04-04 11:51:24,009 DEBUG o.a.i.l.j.BaseJdbcLogger [http-nio-5001-exec-4] <==    Updates: 1
2020-04-04 11:51:25,728 DEBUG o.a.i.l.j.BaseJdbcLogger [http-nio-5001-exec-3] ==>  Preparing: insert into user_details(name, email, phone, password) values(?, ?, ?, ?) 
2020-04-04 11:51:25,731 DEBUG o.a.i.l.j.BaseJdbcLogger [http-nio-5001-exec-3] ==> Parameters: ssfsf(String), ddddd@sdsd.fgfgf(String), rere@dt.fgfg(String), ikUgnE0b(String)
2020-04-04 11:51:25,761 DEBUG o.a.i.l.j.BaseJdbcLogger [http-nio-5001-exec-3] <==    Updates: 1
2020-04-04 11:52:41,632 DEBUG o.a.i.l.j.BaseJdbcLogger [http-nio-5001-exec-8] ==>  Preparing: insert into user_details(name, email, phone, password) values(?, ?, ?, ?) 
2020-04-04 11:52:41,633 DEBUG o.a.i.l.j.BaseJdbcLogger [http-nio-5001-exec-8] ==> Parameters: asas(String), asas@aad.hhgh(String), rere@dt.fgfg(String), ikUgnE0b(String)
2020-04-04 11:52:41,634 DEBUG o.a.i.l.j.BaseJdbcLogger [http-nio-5001-exec-8] <==    Updates: 1
2020-04-04 11:53:32,380 INFO o.s.b.StartupInfoLogger [main] Starting CMRestServiceApplication on L10INMUM01D2507 with PID 2484 (D:\courier_management\courier-management\cm-rest-service\target\classes started by asvyas in D:\courier_management\courier-management\cm-rest-service)
2020-04-04 11:53:32,384 DEBUG o.s.b.StartupInfoLogger [main] Running with Spring Boot v1.5.9.RELEASE, Spring v4.3.13.RELEASE
2020-04-04 11:53:32,384 INFO o.s.b.SpringApplication [main] No active profile set, falling back to default profiles: default
2020-04-04 11:53:34,631 DEBUG o.s.w.f.GenericFilterBean [localhost-startStop-1] Initializing filter 'CORSFilter'
2020-04-04 11:53:34,631 DEBUG o.s.w.f.GenericFilterBean [localhost-startStop-1] Filter 'CORSFilter' configured successfully
2020-04-04 11:53:36,258 INFO o.s.b.StartupInfoLogger [main] Started CMRestServiceApplication in 4.133 seconds (JVM running for 5.054)
2020-04-04 11:54:54,530 DEBUG o.a.i.l.j.BaseJdbcLogger [http-nio-5001-exec-2] ==>  Preparing: insert into user_details(name, email, phone, password) values(?, ?, ?, ?) 
2020-04-04 11:54:54,557 DEBUG o.a.i.l.j.BaseJdbcLogger [http-nio-5001-exec-2] ==> Parameters: asask(String), asas@aad.hhgh(String), rere@dt.fgfg(String), ikUgnE0b(String)
2020-04-04 11:54:54,558 DEBUG o.a.i.l.j.BaseJdbcLogger [http-nio-5001-exec-2] <==    Updates: 1
2020-04-04 17:17:33,464 INFO o.s.b.StartupInfoLogger [main] Starting CMRestServiceApplication on L10INMUM01D2507 with PID 7324 (D:\courier_management\courier-management\cm-rest-service\target\classes started by asvyas in D:\courier_management\courier-management\cm-rest-service)
2020-04-04 17:17:33,474 DEBUG o.s.b.StartupInfoLogger [main] Running with Spring Boot v1.5.9.RELEASE, Spring v4.3.13.RELEASE
2020-04-04 17:17:33,475 INFO o.s.b.SpringApplication [main] No active profile set, falling back to default profiles: default
2020-04-04 17:17:37,605 DEBUG o.s.w.f.GenericFilterBean [localhost-startStop-1] Initializing filter 'CORSFilter'
2020-04-04 17:17:37,606 DEBUG o.s.w.f.GenericFilterBean [localhost-startStop-1] Filter 'CORSFilter' configured successfully
2020-04-04 17:17:40,580 INFO o.s.b.StartupInfoLogger [main] Started CMRestServiceApplication in 7.682 seconds (JVM running for 9.086)
2020-04-04 17:18:00,043 DEBUG o.a.i.l.j.BaseJdbcLogger [http-nio-5001-exec-2] ==>  Preparing: select user_id from user_details where email=? 
2020-04-04 17:18:00,120 DEBUG o.a.i.l.j.BaseJdbcLogger [http-nio-5001-exec-2] ==> Parameters: ddddd@sdsd.fgfgf(String)
2020-04-04 17:18:00,182 DEBUG o.a.i.l.j.BaseJdbcLogger [http-nio-5001-exec-2] <==      Total: 3
2020-04-04 17:23:04,277 DEBUG o.a.i.l.j.BaseJdbcLogger [http-nio-5001-exec-6] ==>  Preparing: select user_id from user_details where email=? 
2020-04-04 17:23:04,279 DEBUG o.a.i.l.j.BaseJdbcLogger [http-nio-5001-exec-6] ==> Parameters: ddddd@sdsd.fgfgf(String)
2020-04-04 17:23:04,281 DEBUG o.a.i.l.j.BaseJdbcLogger [http-nio-5001-exec-6] <==      Total: 3
2020-04-04 17:23:14,281 DEBUG o.a.i.l.j.BaseJdbcLogger [http-nio-5001-exec-5] ==>  Preparing: select user_id from user_details where email=? 
2020-04-04 17:23:14,282 DEBUG o.a.i.l.j.BaseJdbcLogger [http-nio-5001-exec-5] ==> Parameters: ddddd@sdsd.fgfgf(String)
2020-04-04 17:23:14,303 DEBUG o.a.i.l.j.BaseJdbcLogger [http-nio-5001-exec-5] <==      Total: 3
2020-04-04 17:23:15,616 DEBUG o.a.i.l.j.BaseJdbcLogger [http-nio-5001-exec-4] ==>  Preparing: select user_id from user_details where email=? 
2020-04-04 17:23:15,617 DEBUG o.a.i.l.j.BaseJdbcLogger [http-nio-5001-exec-4] ==> Parameters: ddddd@sdsd.fgfgf(String)
2020-04-04 17:23:15,620 DEBUG o.a.i.l.j.BaseJdbcLogger [http-nio-5001-exec-4] <==      Total: 3
2020-04-06 10:56:55,797 INFO o.s.b.StartupInfoLogger [main] Starting CMRestServiceApplication on L10INMUM01D2507 with PID 240 (D:\courier_management\courier-management\cm-rest-service\target\classes started by asvyas in D:\courier_management\courier-management\cm-rest-service)
2020-04-06 10:56:55,816 DEBUG o.s.b.StartupInfoLogger [main] Running with Spring Boot v1.5.9.RELEASE, Spring v4.3.13.RELEASE
2020-04-06 10:56:55,817 INFO o.s.b.SpringApplication [main] No active profile set, falling back to default profiles: default
2020-04-06 10:57:02,211 DEBUG o.s.w.f.GenericFilterBean [localhost-startStop-1] Initializing filter 'CORSFilter'
2020-04-06 10:57:02,211 DEBUG o.s.w.f.GenericFilterBean [localhost-startStop-1] Filter 'CORSFilter' configured successfully
2020-04-06 11:03:56,150 INFO o.s.b.StartupInfoLogger [main] Starting CMRestServiceApplication on L10INMUM01D2507 with PID 13500 (D:\courier_management\courier-management\cm-rest-service\target\classes started by asvyas in D:\courier_management\courier-management\cm-rest-service)
2020-04-06 11:03:56,363 DEBUG o.s.b.StartupInfoLogger [main] Running with Spring Boot v1.5.9.RELEASE, Spring v4.3.13.RELEASE
2020-04-06 11:03:56,364 INFO o.s.b.SpringApplication [main] No active profile set, falling back to default profiles: default
2020-04-06 11:03:59,809 DEBUG o.s.w.f.GenericFilterBean [localhost-startStop-1] Initializing filter 'CORSFilter'
2020-04-06 11:03:59,810 DEBUG o.s.w.f.GenericFilterBean [localhost-startStop-1] Filter 'CORSFilter' configured successfully
2020-04-06 11:10:24,136 INFO o.s.b.StartupInfoLogger [main] Starting CMRestServiceApplication on L10INMUM01D2507 with PID 2624 (D:\courier_management\courier-management\cm-rest-service\target\classes started by asvyas in D:\courier_management\courier-management\cm-rest-service)
2020-04-06 11:10:24,166 DEBUG o.s.b.StartupInfoLogger [main] Running with Spring Boot v1.5.9.RELEASE, Spring v4.3.13.RELEASE
2020-04-06 11:10:24,167 INFO o.s.b.SpringApplication [main] No active profile set, falling back to default profiles: default
2020-04-06 11:10:27,749 DEBUG o.s.w.f.GenericFilterBean [localhost-startStop-1] Initializing filter 'CORSFilter'
2020-04-06 11:10:27,749 DEBUG o.s.w.f.GenericFilterBean [localhost-startStop-1] Filter 'CORSFilter' configured successfully
2020-04-06 11:50:09,714 INFO o.s.b.StartupInfoLogger [main] Starting CMRestServiceApplication on L10INMUM01D2507 with PID 13976 (D:\courier_management\courier-management\cm-rest-service\target\classes started by asvyas in D:\courier_management\courier-management\cm-rest-service)
2020-04-06 11:50:09,720 DEBUG o.s.b.StartupInfoLogger [main] Running with Spring Boot v1.5.9.RELEASE, Spring v4.3.13.RELEASE
2020-04-06 11:50:09,721 INFO o.s.b.SpringApplication [main] No active profile set, falling back to default profiles: default
2020-04-06 11:50:13,019 DEBUG o.s.w.f.GenericFilterBean [localhost-startStop-1] Initializing filter 'CORSFilter'
2020-04-06 11:50:13,020 DEBUG o.s.w.f.GenericFilterBean [localhost-startStop-1] Filter 'CORSFilter' configured successfully
2020-04-06 11:54:40,500 INFO o.s.b.StartupInfoLogger [main] Starting CMRestServiceApplication on L10INMUM01D2507 with PID 3376 (D:\courier_management\courier-management\cm-rest-service\target\classes started by asvyas in D:\courier_management\courier-management\cm-rest-service)
2020-04-06 11:54:40,505 DEBUG o.s.b.StartupInfoLogger [main] Running with Spring Boot v1.5.9.RELEASE, Spring v4.3.13.RELEASE
2020-04-06 11:54:40,506 INFO o.s.b.SpringApplication [main] No active profile set, falling back to default profiles: default
2020-04-06 11:54:43,916 DEBUG o.s.w.f.GenericFilterBean [localhost-startStop-1] Initializing filter 'CORSFilter'
2020-04-06 11:54:43,917 DEBUG o.s.w.f.GenericFilterBean [localhost-startStop-1] Filter 'CORSFilter' configured successfully
2020-04-06 11:56:11,065 INFO o.s.b.StartupInfoLogger [main] Starting CMRestServiceApplication on L10INMUM01D2507 with PID 17304 (D:\courier_management\courier-management\cm-rest-service\target\classes started by asvyas in D:\courier_management\courier-management\cm-rest-service)
2020-04-06 11:56:11,071 DEBUG o.s.b.StartupInfoLogger [main] Running with Spring Boot v1.5.9.RELEASE, Spring v4.3.13.RELEASE
2020-04-06 11:56:11,071 INFO o.s.b.SpringApplication [main] No active profile set, falling back to default profiles: default
2020-04-06 11:56:14,283 DEBUG o.s.w.f.GenericFilterBean [localhost-startStop-1] Initializing filter 'CORSFilter'
2020-04-06 11:56:14,283 DEBUG o.s.w.f.GenericFilterBean [localhost-startStop-1] Filter 'CORSFilter' configured successfully
2020-04-06 11:57:34,932 INFO o.s.b.StartupInfoLogger [main] Starting CMRestServiceApplication on L10INMUM01D2507 with PID 15812 (D:\courier_management\courier-management\cm-rest-service\target\classes started by asvyas in D:\courier_management\courier-management\cm-rest-service)
2020-04-06 11:57:34,938 DEBUG o.s.b.StartupInfoLogger [main] Running with Spring Boot v1.5.9.RELEASE, Spring v4.3.13.RELEASE
2020-04-06 11:57:34,939 INFO o.s.b.SpringApplication [main] No active profile set, falling back to default profiles: default
2020-04-06 11:57:38,447 DEBUG o.s.w.f.GenericFilterBean [localhost-startStop-1] Initializing filter 'CORSFilter'
2020-04-06 11:57:38,447 DEBUG o.s.w.f.GenericFilterBean [localhost-startStop-1] Filter 'CORSFilter' configured successfully
2020-04-06 12:40:03,494 INFO o.s.b.StartupInfoLogger [main] Starting CMRestServiceApplication on L10INMUM01D2507 with PID 8268 (D:\courier_management\courier-management\cm-rest-service\target\classes started by asvyas in D:\courier_management\courier-management\cm-rest-service)
2020-04-06 12:40:03,500 DEBUG o.s.b.StartupInfoLogger [main] Running with Spring Boot v1.5.9.RELEASE, Spring v4.3.13.RELEASE
2020-04-06 12:40:03,500 INFO o.s.b.SpringApplication [main] No active profile set, falling back to default profiles: default
2020-04-06 12:40:07,124 DEBUG o.s.w.f.GenericFilterBean [localhost-startStop-1] Initializing filter 'CORSFilter'
2020-04-06 12:40:07,124 DEBUG o.s.w.f.GenericFilterBean [localhost-startStop-1] Filter 'CORSFilter' configured successfully
2020-04-06 12:40:11,034 INFO o.s.b.StartupInfoLogger [main] Started CMRestServiceApplication in 7.845 seconds (JVM running for 9.102)
2020-04-06 12:41:30,488 DEBUG o.a.i.l.j.BaseJdbcLogger [http-nio-5001-exec-1] ==>  Preparing: select user_id from user_details where email=? 
2020-04-06 12:41:30,553 DEBUG o.a.i.l.j.BaseJdbcLogger [http-nio-5001-exec-1] ==> Parameters: ashok.vyas.ext@bureauveritas.com(String)
2020-04-06 12:41:30,708 DEBUG o.a.i.l.j.BaseJdbcLogger [http-nio-5001-exec-1] <==      Total: 0
2020-04-06 12:41:39,404 DEBUG o.a.i.l.j.BaseJdbcLogger [http-nio-5001-exec-1] ==>  Preparing: insert into user_details(name, email, phone, password) values(?, ?, ?, ?) 
2020-04-06 12:41:39,423 DEBUG o.a.i.l.j.BaseJdbcLogger [http-nio-5001-exec-1] ==> Parameters: ashok(String), ashok.vyas.ext@bureauveritas.com(String), 121212(String), 12345(String)
2020-04-06 12:41:39,860 DEBUG o.a.i.l.j.BaseJdbcLogger [http-nio-5001-exec-1] <==    Updates: 1
2020-04-06 12:41:46,610 INFO c.c.c.a.a.NotificationAspect [http-nio-5001-exec-1] Notification Event: REGISTRATION
2020-04-06 12:42:48,581 DEBUG c.c.c.s.EmailService [http-nio-5001-exec-1] creating email content for email template: NEW_REGISTRATION
2020-04-06 12:48:37,856 DEBUG c.c.c.s.EmailService [http-nio-5001-exec-1] ==============================================
2020-04-06 12:48:38,581 DEBUG c.c.c.s.EmailService [http-nio-5001-exec-1] FROM: ashokvyas82@gmail.com
2020-04-06 12:48:39,000 DEBUG c.c.c.s.EmailService [http-nio-5001-exec-1] TO: ashok.vyas.ext@bureauveritas.com
2020-04-06 12:48:39,415 DEBUG c.c.c.s.EmailService [http-nio-5001-exec-1] CC: ashok.vyas.ext@bureauveritas.com
2020-04-06 12:48:39,841 DEBUG c.c.c.s.EmailService [http-nio-5001-exec-1] ----------------------------------------------
2020-04-06 12:48:40,365 DEBUG c.c.c.s.EmailService [http-nio-5001-exec-1] SUBJECT: New Registration
2020-04-06 12:48:40,721 DEBUG c.c.c.s.EmailService [http-nio-5001-exec-1] ----------------------------------------------
2020-04-06 12:48:41,178 DEBUG c.c.c.s.EmailService [http-nio-5001-exec-1] <!DOCTYPE html>

<html>
<head>
<title>New Registration</title>

<meta http-equiv="Content-Type" content="text/html; charset=UTF-8" />
<meta name="viewport" content="width=device-width, initial-scale=1.0" />
<style>
body {
	color: rgb(14, 23, 104);
}

table {
	border-collapse: collapse;
}

table, td, th {
	border: 1px solid black;
}

th, td {
	padding: 15px;
	text-align: center;
}

.templeteContainer {
	width: 100%;
	margin-left: auto;
	margin-right: auto;
	margin-top: 0;
	margin-bottom: 0;
	max-width: 62.5em;
	position: relative;
	padding-left: 0.9375em;
	padding-right: 0.9375em;
}
</style>
</head>
<body class="templeteContainer" style="text-align: justify;">
	Good day,<br /><br /> 
	
	The user <span>ashok</span> with email id <span>ashok.vyas.ext@bureauveritas.com</span> has been created.

	
	<br /><br /><br /><br /> 

    Note: this email is an automatic notification. Please do not reply directly.
</body>
</html>
2020-04-06 12:48:42,390 DEBUG c.c.c.s.EmailService [http-nio-5001-exec-1] ----------------------------------------------
2020-04-06 12:49:32,364 DEBUG c.c.c.s.EmailService [http-nio-5001-exec-1] email sending failed
2020-04-06 12:49:34,126 DEBUG c.c.c.s.EmailService [http-nio-5001-exec-1] ==============================================
2020-04-06 12:56:58,426 INFO o.s.b.StartupInfoLogger [main] Starting CMRestServiceApplication on L10INMUM01D2507 with PID 16772 (D:\courier_management\courier-management\cm-rest-service\target\classes started by asvyas in D:\courier_management\courier-management\cm-rest-service)
2020-04-06 12:56:58,431 DEBUG o.s.b.StartupInfoLogger [main] Running with Spring Boot v1.5.9.RELEASE, Spring v4.3.13.RELEASE
2020-04-06 12:56:58,432 INFO o.s.b.SpringApplication [main] No active profile set, falling back to default profiles: default
2020-04-06 12:57:01,810 DEBUG o.s.w.f.GenericFilterBean [localhost-startStop-1] Initializing filter 'CORSFilter'
2020-04-06 12:57:01,810 DEBUG o.s.w.f.GenericFilterBean [localhost-startStop-1] Filter 'CORSFilter' configured successfully
2020-04-06 12:57:04,172 INFO o.s.b.StartupInfoLogger [main] Started CMRestServiceApplication in 6.054 seconds (JVM running for 7.353)
2020-04-06 12:57:23,527 DEBUG o.a.i.l.j.BaseJdbcLogger [http-nio-5001-exec-1] ==>  Preparing: select user_id from user_details where email=? 
2020-04-06 12:57:23,564 DEBUG o.a.i.l.j.BaseJdbcLogger [http-nio-5001-exec-1] ==> Parameters: ashok.vyas.ext@bureauveritas.com(String)
2020-04-06 12:57:23,612 DEBUG o.a.i.l.j.BaseJdbcLogger [http-nio-5001-exec-1] <==      Total: 0
2020-04-06 12:57:23,621 DEBUG o.a.i.l.j.BaseJdbcLogger [http-nio-5001-exec-1] ==>  Preparing: insert into user_details(name, email, phone, password) values(?, ?, ?, ?) 
2020-04-06 12:57:23,623 DEBUG o.a.i.l.j.BaseJdbcLogger [http-nio-5001-exec-1] ==> Parameters: ashok(String), ashok.vyas.ext@bureauveritas.com(String), 121212(String), 12345(String)
2020-04-06 12:57:23,644 DEBUG o.a.i.l.j.BaseJdbcLogger [http-nio-5001-exec-1] <==    Updates: 1
2020-04-06 12:57:23,647 INFO c.c.c.a.a.NotificationAspect [http-nio-5001-exec-1] Notification Event: REGISTRATION
2020-04-06 12:57:23,650 DEBUG c.c.c.s.EmailService [http-nio-5001-exec-1] creating email content for email template: NEW_REGISTRATION
2020-04-06 12:57:24,061 DEBUG c.c.c.s.EmailService [http-nio-5001-exec-1] ==============================================
2020-04-06 12:57:24,062 DEBUG c.c.c.s.EmailService [http-nio-5001-exec-1] FROM: ashokvyas82@gmail.com
2020-04-06 12:57:24,062 DEBUG c.c.c.s.EmailService [http-nio-5001-exec-1] TO: ashok.vyas.ext@bureauveritas.com
2020-04-06 12:57:24,062 DEBUG c.c.c.s.EmailService [http-nio-5001-exec-1] CC: ashok.vyas.ext@bureauveritas.com
2020-04-06 12:57:24,063 DEBUG c.c.c.s.EmailService [http-nio-5001-exec-1] ----------------------------------------------
2020-04-06 12:57:24,063 DEBUG c.c.c.s.EmailService [http-nio-5001-exec-1] SUBJECT: New Registration
2020-04-06 12:57:24,063 DEBUG c.c.c.s.EmailService [http-nio-5001-exec-1] ----------------------------------------------
2020-04-06 12:57:24,064 DEBUG c.c.c.s.EmailService [http-nio-5001-exec-1] <!DOCTYPE html>

<html>
<head>
<title>New Registration</title>

<meta http-equiv="Content-Type" content="text/html; charset=UTF-8" />
<meta name="viewport" content="width=device-width, initial-scale=1.0" />
<style>
body {
	color: rgb(14, 23, 104);
}

table {
	border-collapse: collapse;
}

table, td, th {
	border: 1px solid black;
}

th, td {
	padding: 15px;
	text-align: center;
}

.templeteContainer {
	width: 100%;
	margin-left: auto;
	margin-right: auto;
	margin-top: 0;
	margin-bottom: 0;
	max-width: 62.5em;
	position: relative;
	padding-left: 0.9375em;
	padding-right: 0.9375em;
}
</style>
</head>
<body class="templeteContainer" style="text-align: justify;">
	Good day,<br /><br /> 
	
	The user <span>ashok</span> with email id <span>ashok.vyas.ext@bureauveritas.com</span> has been created.

	
	<br /><br /><br /><br /> 

    Note: this email is an automatic notification. Please do not reply directly.
</body>
</html>
2020-04-06 12:57:24,064 DEBUG c.c.c.s.EmailService [http-nio-5001-exec-1] ----------------------------------------------
2020-04-06 12:57:25,106 DEBUG c.c.c.s.EmailService [http-nio-5001-exec-1] email sending failed
2020-04-06 12:57:25,108 DEBUG c.c.c.s.EmailService [http-nio-5001-exec-1] ==============================================
2020-04-06 13:01:45,707 INFO o.s.b.StartupInfoLogger [main] Starting CMRestServiceApplication on L10INMUM01D2507 with PID 14596 (D:\courier_management\courier-management\cm-rest-service\target\classes started by asvyas in D:\courier_management\courier-management\cm-rest-service)
2020-04-06 13:01:45,712 DEBUG o.s.b.StartupInfoLogger [main] Running with Spring Boot v1.5.9.RELEASE, Spring v4.3.13.RELEASE
2020-04-06 13:01:45,713 INFO o.s.b.SpringApplication [main] No active profile set, falling back to default profiles: default
2020-04-06 13:01:49,251 DEBUG o.s.w.f.GenericFilterBean [localhost-startStop-1] Initializing filter 'CORSFilter'
2020-04-06 13:01:49,252 DEBUG o.s.w.f.GenericFilterBean [localhost-startStop-1] Filter 'CORSFilter' configured successfully
2020-04-06 13:01:51,855 INFO o.s.b.StartupInfoLogger [main] Started CMRestServiceApplication in 6.48 seconds (JVM running for 7.827)
2020-04-06 13:02:23,688 DEBUG o.a.i.l.j.BaseJdbcLogger [http-nio-5001-exec-1] ==>  Preparing: select user_id from user_details where email=? 
2020-04-06 13:02:23,721 DEBUG o.a.i.l.j.BaseJdbcLogger [http-nio-5001-exec-1] ==> Parameters: ashok.vyas.ext@bureauveritas.com(String)
2020-04-06 13:02:23,747 DEBUG o.a.i.l.j.BaseJdbcLogger [http-nio-5001-exec-1] <==      Total: 0
2020-04-06 13:02:23,757 DEBUG o.a.i.l.j.BaseJdbcLogger [http-nio-5001-exec-1] ==>  Preparing: insert into user_details(name, email, phone, password) values(?, ?, ?, ?) 
2020-04-06 13:02:23,759 DEBUG o.a.i.l.j.BaseJdbcLogger [http-nio-5001-exec-1] ==> Parameters: ashok(String), ashok.vyas.ext@bureauveritas.com(String), 121212(String), 12345(String)
2020-04-06 13:02:23,760 DEBUG o.a.i.l.j.BaseJdbcLogger [http-nio-5001-exec-1] <==    Updates: 1
2020-04-06 13:02:23,763 INFO c.c.c.a.a.NotificationAspect [http-nio-5001-exec-1] Notification Event: REGISTRATION
2020-04-06 13:02:23,770 DEBUG c.c.c.s.EmailService [http-nio-5001-exec-1] creating email content for email template: NEW_REGISTRATION
2020-04-06 13:02:24,359 DEBUG c.c.c.s.EmailService [http-nio-5001-exec-1] ==============================================
2020-04-06 13:02:24,360 DEBUG c.c.c.s.EmailService [http-nio-5001-exec-1] FROM: ashokvyas82@gmail.com
2020-04-06 13:02:24,360 DEBUG c.c.c.s.EmailService [http-nio-5001-exec-1] TO: ashok.vyas.ext@bureauveritas.com
2020-04-06 13:02:24,360 DEBUG c.c.c.s.EmailService [http-nio-5001-exec-1] CC: ashok.vyas.ext@bureauveritas.com
2020-04-06 13:02:24,361 DEBUG c.c.c.s.EmailService [http-nio-5001-exec-1] ----------------------------------------------
2020-04-06 13:02:24,361 DEBUG c.c.c.s.EmailService [http-nio-5001-exec-1] SUBJECT: New Registration
2020-04-06 13:02:24,361 DEBUG c.c.c.s.EmailService [http-nio-5001-exec-1] ----------------------------------------------
2020-04-06 13:02:24,361 DEBUG c.c.c.s.EmailService [http-nio-5001-exec-1] <!DOCTYPE html>

<html>
<head>
<title>New Registration</title>

<meta http-equiv="Content-Type" content="text/html; charset=UTF-8" />
<meta name="viewport" content="width=device-width, initial-scale=1.0" />
<style>
body {
	color: rgb(14, 23, 104);
}

table {
	border-collapse: collapse;
}

table, td, th {
	border: 1px solid black;
}

th, td {
	padding: 15px;
	text-align: center;
}

.templeteContainer {
	width: 100%;
	margin-left: auto;
	margin-right: auto;
	margin-top: 0;
	margin-bottom: 0;
	max-width: 62.5em;
	position: relative;
	padding-left: 0.9375em;
	padding-right: 0.9375em;
}
</style>
</head>
<body class="templeteContainer" style="text-align: justify;">
	Good day,<br /><br /> 
	
	The user <span>ashok</span> with email id <span>ashok.vyas.ext@bureauveritas.com</span> has been created.

	
	<br /><br /><br /><br /> 

    Note: this email is an automatic notification. Please do not reply directly.
</body>
</html>
2020-04-06 13:02:24,363 DEBUG c.c.c.s.EmailService [http-nio-5001-exec-1] ----------------------------------------------
2020-04-06 13:02:34,522 DEBUG c.c.c.s.EmailService [http-nio-5001-exec-1] email sending failed
2020-04-06 13:02:34,524 DEBUG c.c.c.s.EmailService [http-nio-5001-exec-1] ==============================================
2020-04-06 13:03:33,369 INFO o.s.b.StartupInfoLogger [main] Starting CMRestServiceApplication on L10INMUM01D2507 with PID 16768 (D:\courier_management\courier-management\cm-rest-service\target\classes started by asvyas in D:\courier_management\courier-management\cm-rest-service)
2020-04-06 13:03:33,375 DEBUG o.s.b.StartupInfoLogger [main] Running with Spring Boot v1.5.9.RELEASE, Spring v4.3.13.RELEASE
2020-04-06 13:03:33,375 INFO o.s.b.SpringApplication [main] No active profile set, falling back to default profiles: default
2020-04-06 13:03:37,414 DEBUG o.s.w.f.GenericFilterBean [localhost-startStop-1] Initializing filter 'CORSFilter'
2020-04-06 13:03:37,415 DEBUG o.s.w.f.GenericFilterBean [localhost-startStop-1] Filter 'CORSFilter' configured successfully
2020-04-06 13:03:41,022 INFO o.s.b.StartupInfoLogger [main] Started CMRestServiceApplication in 8.013 seconds (JVM running for 9.277)
2020-04-06 13:04:01,342 DEBUG o.a.i.l.j.BaseJdbcLogger [http-nio-5001-exec-1] ==>  Preparing: select user_id from user_details where email=? 
2020-04-06 13:04:01,378 DEBUG o.a.i.l.j.BaseJdbcLogger [http-nio-5001-exec-1] ==> Parameters: ashok.vyas.ext@bureauveritas.com(String)
2020-04-06 13:04:01,405 DEBUG o.a.i.l.j.BaseJdbcLogger [http-nio-5001-exec-1] <==      Total: 0
2020-04-06 13:04:01,414 DEBUG o.a.i.l.j.BaseJdbcLogger [http-nio-5001-exec-1] ==>  Preparing: insert into user_details(name, email, phone, password) values(?, ?, ?, ?) 
2020-04-06 13:04:01,416 DEBUG o.a.i.l.j.BaseJdbcLogger [http-nio-5001-exec-1] ==> Parameters: ashok(String), ashok.vyas.ext@bureauveritas.com(String), 121212(String), 12345(String)
2020-04-06 13:04:01,417 DEBUG o.a.i.l.j.BaseJdbcLogger [http-nio-5001-exec-1] <==    Updates: 1
2020-04-06 13:04:01,420 INFO c.c.c.a.a.NotificationAspect [http-nio-5001-exec-1] Notification Event: REGISTRATION
2020-04-06 13:04:01,423 DEBUG c.c.c.s.EmailService [http-nio-5001-exec-1] creating email content for email template: NEW_REGISTRATION
2020-04-06 13:04:01,842 DEBUG c.c.c.s.EmailService [http-nio-5001-exec-1] ==============================================
2020-04-06 13:04:01,843 DEBUG c.c.c.s.EmailService [http-nio-5001-exec-1] FROM: ashokvyas82@gmail.com
2020-04-06 13:04:01,843 DEBUG c.c.c.s.EmailService [http-nio-5001-exec-1] TO: ashok.vyas.ext@bureauveritas.com
2020-04-06 13:04:01,843 DEBUG c.c.c.s.EmailService [http-nio-5001-exec-1] CC: ashok.vyas.ext@bureauveritas.com
2020-04-06 13:04:01,844 DEBUG c.c.c.s.EmailService [http-nio-5001-exec-1] ----------------------------------------------
2020-04-06 13:04:01,844 DEBUG c.c.c.s.EmailService [http-nio-5001-exec-1] SUBJECT: New Registration
2020-04-06 13:04:01,844 DEBUG c.c.c.s.EmailService [http-nio-5001-exec-1] ----------------------------------------------
2020-04-06 13:04:01,845 DEBUG c.c.c.s.EmailService [http-nio-5001-exec-1] <!DOCTYPE html>

<html>
<head>
<title>New Registration</title>

<meta http-equiv="Content-Type" content="text/html; charset=UTF-8" />
<meta name="viewport" content="width=device-width, initial-scale=1.0" />
<style>
body {
	color: rgb(14, 23, 104);
}

table {
	border-collapse: collapse;
}

table, td, th {
	border: 1px solid black;
}

th, td {
	padding: 15px;
	text-align: center;
}

.templeteContainer {
	width: 100%;
	margin-left: auto;
	margin-right: auto;
	margin-top: 0;
	margin-bottom: 0;
	max-width: 62.5em;
	position: relative;
	padding-left: 0.9375em;
	padding-right: 0.9375em;
}
</style>
</head>
<body class="templeteContainer" style="text-align: justify;">
	Good day,<br /><br /> 
	
	The user <span>ashok</span> with email id <span>ashok.vyas.ext@bureauveritas.com</span> has been created.

	
	<br /><br /><br /><br /> 

    Note: this email is an automatic notification. Please do not reply directly.
</body>
</html>
2020-04-06 13:04:01,845 DEBUG c.c.c.s.EmailService [http-nio-5001-exec-1] ----------------------------------------------
2020-04-06 13:04:13,304 DEBUG c.c.c.s.EmailService [http-nio-5001-exec-1] email sending failed
2020-04-06 13:04:13,305 DEBUG c.c.c.s.EmailService [http-nio-5001-exec-1] ==============================================
2020-04-06 13:09:24,620 INFO o.s.b.StartupInfoLogger [main] Starting CMRestServiceApplication on L10INMUM01D2507 with PID 3064 (D:\courier_management\courier-management\cm-rest-service\target\classes started by asvyas in D:\courier_management\courier-management\cm-rest-service)
2020-04-06 13:09:24,625 DEBUG o.s.b.StartupInfoLogger [main] Running with Spring Boot v1.5.9.RELEASE, Spring v4.3.13.RELEASE
2020-04-06 13:09:24,626 INFO o.s.b.SpringApplication [main] No active profile set, falling back to default profiles: default
2020-04-06 13:09:28,171 DEBUG o.s.w.f.GenericFilterBean [localhost-startStop-1] Initializing filter 'CORSFilter'
2020-04-06 13:09:28,172 DEBUG o.s.w.f.GenericFilterBean [localhost-startStop-1] Filter 'CORSFilter' configured successfully
2020-04-06 13:09:30,902 INFO o.s.b.StartupInfoLogger [main] Started CMRestServiceApplication in 6.61 seconds (JVM running for 7.991)
2020-04-06 13:09:55,735 DEBUG o.a.i.l.j.BaseJdbcLogger [http-nio-5001-exec-1] ==>  Preparing: select user_id from user_details where email=? 
2020-04-06 13:09:55,772 DEBUG o.a.i.l.j.BaseJdbcLogger [http-nio-5001-exec-1] ==> Parameters: ashok.vyas.ext@bureauveritas.com(String)
2020-04-06 13:09:55,798 DEBUG o.a.i.l.j.BaseJdbcLogger [http-nio-5001-exec-1] <==      Total: 0
2020-04-06 13:09:55,809 DEBUG o.a.i.l.j.BaseJdbcLogger [http-nio-5001-exec-1] ==>  Preparing: insert into user_details(name, email, phone, password) values(?, ?, ?, ?) 
2020-04-06 13:09:55,811 DEBUG o.a.i.l.j.BaseJdbcLogger [http-nio-5001-exec-1] ==> Parameters: ashok(String), ashok.vyas.ext@bureauveritas.com(String), 121212(String), 12345(String)
2020-04-06 13:09:55,812 DEBUG o.a.i.l.j.BaseJdbcLogger [http-nio-5001-exec-1] <==    Updates: 1
2020-04-06 13:09:55,815 INFO c.c.c.a.a.NotificationAspect [http-nio-5001-exec-1] Notification Event: REGISTRATION
2020-04-06 13:09:55,819 DEBUG c.c.c.s.EmailService [http-nio-5001-exec-1] creating email content for email template: NEW_REGISTRATION
2020-04-06 13:09:56,207 DEBUG c.c.c.s.EmailService [http-nio-5001-exec-1] ==============================================
2020-04-06 13:09:56,208 DEBUG c.c.c.s.EmailService [http-nio-5001-exec-1] FROM: ashokvyas82@gmail.com
2020-04-06 13:09:56,208 DEBUG c.c.c.s.EmailService [http-nio-5001-exec-1] TO: ashok.vyas.ext@bureauveritas.com
2020-04-06 13:09:56,208 DEBUG c.c.c.s.EmailService [http-nio-5001-exec-1] CC: ashok.vyas.ext@bureauveritas.com
2020-04-06 13:09:56,209 DEBUG c.c.c.s.EmailService [http-nio-5001-exec-1] ----------------------------------------------
2020-04-06 13:09:56,209 DEBUG c.c.c.s.EmailService [http-nio-5001-exec-1] SUBJECT: New Registration
2020-04-06 13:09:56,209 DEBUG c.c.c.s.EmailService [http-nio-5001-exec-1] ----------------------------------------------
2020-04-06 13:09:56,210 DEBUG c.c.c.s.EmailService [http-nio-5001-exec-1] <!DOCTYPE html>

<html>
<head>
<title>New Registration</title>

<meta http-equiv="Content-Type" content="text/html; charset=UTF-8" />
<meta name="viewport" content="width=device-width, initial-scale=1.0" />
<style>
body {
	color: rgb(14, 23, 104);
}

table {
	border-collapse: collapse;
}

table, td, th {
	border: 1px solid black;
}

th, td {
	padding: 15px;
	text-align: center;
}

.templeteContainer {
	width: 100%;
	margin-left: auto;
	margin-right: auto;
	margin-top: 0;
	margin-bottom: 0;
	max-width: 62.5em;
	position: relative;
	padding-left: 0.9375em;
	padding-right: 0.9375em;
}
</style>
</head>
<body class="templeteContainer" style="text-align: justify;">
	Good day,<br /><br /> 
	
	The user <span>ashok</span> with email id <span>ashok.vyas.ext@bureauveritas.com</span> has been created.

	
	<br /><br /><br /><br /> 

    Note: this email is an automatic notification. Please do not reply directly.
</body>
</html>
2020-04-06 13:09:56,210 DEBUG c.c.c.s.EmailService [http-nio-5001-exec-1] ----------------------------------------------
2020-04-06 13:10:08,598 DEBUG c.c.c.s.EmailService [http-nio-5001-exec-1] email sending failed
2020-04-06 13:10:08,600 DEBUG c.c.c.s.EmailService [http-nio-5001-exec-1] ==============================================
2020-04-06 13:15:13,981 INFO o.s.b.StartupInfoLogger [main] Starting CMRestServiceApplication on L10INMUM01D2507 with PID 14620 (D:\courier_management\courier-management\cm-rest-service\target\classes started by asvyas in D:\courier_management\courier-management\cm-rest-service)
2020-04-06 13:15:13,986 DEBUG o.s.b.StartupInfoLogger [main] Running with Spring Boot v1.5.9.RELEASE, Spring v4.3.13.RELEASE
2020-04-06 13:15:13,987 INFO o.s.b.SpringApplication [main] No active profile set, falling back to default profiles: default
2020-04-06 13:15:17,600 DEBUG o.s.w.f.GenericFilterBean [localhost-startStop-1] Initializing filter 'CORSFilter'
2020-04-06 13:15:17,600 DEBUG o.s.w.f.GenericFilterBean [localhost-startStop-1] Filter 'CORSFilter' configured successfully
2020-04-06 13:15:20,031 INFO o.s.b.StartupInfoLogger [main] Started CMRestServiceApplication in 6.436 seconds (JVM running for 7.667)
2020-04-06 13:16:00,107 DEBUG o.a.i.l.j.BaseJdbcLogger [http-nio-5001-exec-2] ==>  Preparing: select user_id from user_details where email=? 
2020-04-06 13:16:00,169 DEBUG o.a.i.l.j.BaseJdbcLogger [http-nio-5001-exec-2] ==> Parameters: ashok.vyas.ext@bureauveritas.com(String)
2020-04-06 13:16:00,215 DEBUG o.a.i.l.j.BaseJdbcLogger [http-nio-5001-exec-2] <==      Total: 0
2020-04-06 13:16:00,234 DEBUG o.a.i.l.j.BaseJdbcLogger [http-nio-5001-exec-2] ==>  Preparing: insert into user_details(name, email, phone, password) values(?, ?, ?, ?) 
2020-04-06 13:16:00,238 DEBUG o.a.i.l.j.BaseJdbcLogger [http-nio-5001-exec-2] ==> Parameters: ashok(String), ashok.vyas.ext@bureauveritas.com(String), 121212(String), 12345(String)
2020-04-06 13:16:00,239 DEBUG o.a.i.l.j.BaseJdbcLogger [http-nio-5001-exec-2] <==    Updates: 1
2020-04-06 13:16:00,244 INFO c.c.c.a.a.NotificationAspect [http-nio-5001-exec-2] Notification Event: REGISTRATION
2020-04-06 13:16:00,248 DEBUG c.c.c.s.EmailService [http-nio-5001-exec-2] creating email content for email template: NEW_REGISTRATION
2020-04-06 13:16:00,875 DEBUG c.c.c.s.EmailService [http-nio-5001-exec-2] ==============================================
2020-04-06 13:16:00,876 DEBUG c.c.c.s.EmailService [http-nio-5001-exec-2] FROM: ashokvyas82@gmail.com
2020-04-06 13:16:00,877 DEBUG c.c.c.s.EmailService [http-nio-5001-exec-2] TO: ashok.vyas.ext@bureauveritas.com
2020-04-06 13:16:00,877 DEBUG c.c.c.s.EmailService [http-nio-5001-exec-2] CC: ashok.vyas.ext@bureauveritas.com
2020-04-06 13:16:00,878 DEBUG c.c.c.s.EmailService [http-nio-5001-exec-2] ----------------------------------------------
2020-04-06 13:16:00,878 DEBUG c.c.c.s.EmailService [http-nio-5001-exec-2] SUBJECT: New Registration
2020-04-06 13:16:00,878 DEBUG c.c.c.s.EmailService [http-nio-5001-exec-2] ----------------------------------------------
2020-04-06 13:16:00,879 DEBUG c.c.c.s.EmailService [http-nio-5001-exec-2] <!DOCTYPE html>

<html>
<head>
<title>New Registration</title>

<meta http-equiv="Content-Type" content="text/html; charset=UTF-8" />
<meta name="viewport" content="width=device-width, initial-scale=1.0" />
<style>
body {
	color: rgb(14, 23, 104);
}

table {
	border-collapse: collapse;
}

table, td, th {
	border: 1px solid black;
}

th, td {
	padding: 15px;
	text-align: center;
}

.templeteContainer {
	width: 100%;
	margin-left: auto;
	margin-right: auto;
	margin-top: 0;
	margin-bottom: 0;
	max-width: 62.5em;
	position: relative;
	padding-left: 0.9375em;
	padding-right: 0.9375em;
}
</style>
</head>
<body class="templeteContainer" style="text-align: justify;">
	Good day,<br /><br /> 
	
	The user <span>ashok</span> with email id <span>ashok.vyas.ext@bureauveritas.com</span> has been created.

	
	<br /><br /><br /><br /> 

    Note: this email is an automatic notification. Please do not reply directly.
</body>
</html>
2020-04-06 13:16:00,880 DEBUG c.c.c.s.EmailService [http-nio-5001-exec-2] ----------------------------------------------
2020-04-06 13:16:10,982 DEBUG c.c.c.s.EmailService [http-nio-5001-exec-2] email sending failed
2020-04-06 13:16:10,983 DEBUG c.c.c.s.EmailService [http-nio-5001-exec-2] ==============================================
2020-04-06 13:22:14,080 INFO o.s.b.StartupInfoLogger [main] Starting CMRestServiceApplication on L10INMUM01D2507 with PID 15856 (D:\courier_management\courier-management\cm-rest-service\target\classes started by asvyas in D:\courier_management\courier-management\cm-rest-service)
2020-04-06 13:22:14,085 DEBUG o.s.b.StartupInfoLogger [main] Running with Spring Boot v1.5.9.RELEASE, Spring v4.3.13.RELEASE
2020-04-06 13:22:14,086 INFO o.s.b.SpringApplication [main] No active profile set, falling back to default profiles: default
2020-04-06 13:22:18,099 DEBUG o.s.w.f.GenericFilterBean [localhost-startStop-1] Initializing filter 'CORSFilter'
2020-04-06 13:22:18,099 DEBUG o.s.w.f.GenericFilterBean [localhost-startStop-1] Filter 'CORSFilter' configured successfully
2020-04-06 13:22:21,887 INFO o.s.b.StartupInfoLogger [main] Started CMRestServiceApplication in 8.197 seconds (JVM running for 9.829)
2020-04-06 13:25:09,209 DEBUG o.a.i.l.j.BaseJdbcLogger [http-nio-5001-exec-1] ==>  Preparing: select user_id from user_details where email=? 
2020-04-06 13:25:09,273 DEBUG o.a.i.l.j.BaseJdbcLogger [http-nio-5001-exec-1] ==> Parameters: ashok.vyas.ext@bureauveritas.com(String)
2020-04-06 13:25:09,315 DEBUG o.a.i.l.j.BaseJdbcLogger [http-nio-5001-exec-1] <==      Total: 0
2020-04-06 13:25:09,328 DEBUG o.a.i.l.j.BaseJdbcLogger [http-nio-5001-exec-1] ==>  Preparing: insert into user_details(name, email, phone, password) values(?, ?, ?, ?) 
2020-04-06 13:25:09,332 DEBUG o.a.i.l.j.BaseJdbcLogger [http-nio-5001-exec-1] ==> Parameters: ashok(String), ashok.vyas.ext@bureauveritas.com(String), 121212(String), 12345(String)
2020-04-06 13:25:09,333 DEBUG o.a.i.l.j.BaseJdbcLogger [http-nio-5001-exec-1] <==    Updates: 1
2020-04-06 13:25:09,338 INFO c.c.c.a.a.NotificationAspect [http-nio-5001-exec-1] Notification Event: REGISTRATION
2020-04-06 13:25:09,342 DEBUG c.c.c.s.EmailService [http-nio-5001-exec-1] creating email content for email template: NEW_REGISTRATION
2020-04-06 13:25:10,029 DEBUG c.c.c.s.EmailService [http-nio-5001-exec-1] ==============================================
2020-04-06 13:25:10,030 DEBUG c.c.c.s.EmailService [http-nio-5001-exec-1] FROM: ashokvyas82@gmail.com
2020-04-06 13:25:10,031 DEBUG c.c.c.s.EmailService [http-nio-5001-exec-1] TO: ashok.vyas.ext@bureauveritas.com
2020-04-06 13:25:10,032 DEBUG c.c.c.s.EmailService [http-nio-5001-exec-1] CC: ashok.vyas.ext@bureauveritas.com
2020-04-06 13:25:10,032 DEBUG c.c.c.s.EmailService [http-nio-5001-exec-1] ----------------------------------------------
2020-04-06 13:25:10,033 DEBUG c.c.c.s.EmailService [http-nio-5001-exec-1] SUBJECT: New Registration
2020-04-06 13:25:10,033 DEBUG c.c.c.s.EmailService [http-nio-5001-exec-1] ----------------------------------------------
2020-04-06 13:25:10,033 DEBUG c.c.c.s.EmailService [http-nio-5001-exec-1] <!DOCTYPE html>

<html>
<head>
<title>New Registration</title>

<meta http-equiv="Content-Type" content="text/html; charset=UTF-8" />
<meta name="viewport" content="width=device-width, initial-scale=1.0" />
<style>
body {
	color: rgb(14, 23, 104);
}

table {
	border-collapse: collapse;
}

table, td, th {
	border: 1px solid black;
}

th, td {
	padding: 15px;
	text-align: center;
}

.templeteContainer {
	width: 100%;
	margin-left: auto;
	margin-right: auto;
	margin-top: 0;
	margin-bottom: 0;
	max-width: 62.5em;
	position: relative;
	padding-left: 0.9375em;
	padding-right: 0.9375em;
}
</style>
</head>
<body class="templeteContainer" style="text-align: justify;">
	Good day,<br /><br /> 
	
	The user <span>ashok</span> with email id <span>ashok.vyas.ext@bureauveritas.com</span> has been created.

	
	<br /><br /><br /><br /> 

    Note: this email is an automatic notification. Please do not reply directly.
</body>
</html>
2020-04-06 13:25:10,034 DEBUG c.c.c.s.EmailService [http-nio-5001-exec-1] ----------------------------------------------
2020-04-06 13:25:13,392 DEBUG c.c.c.s.EmailService [http-nio-5001-exec-1] email sending failed
2020-04-06 13:25:13,395 DEBUG c.c.c.s.EmailService [http-nio-5001-exec-1] ==============================================
2020-04-06 13:27:32,015 INFO o.s.b.StartupInfoLogger [main] Starting CMRestServiceApplication on L10INMUM01D2507 with PID 3448 (D:\courier_management\courier-management\cm-rest-service\target\classes started by asvyas in D:\courier_management\courier-management\cm-rest-service)
2020-04-06 13:27:32,020 DEBUG o.s.b.StartupInfoLogger [main] Running with Spring Boot v1.5.9.RELEASE, Spring v4.3.13.RELEASE
2020-04-06 13:27:32,020 INFO o.s.b.SpringApplication [main] No active profile set, falling back to default profiles: default
2020-04-06 13:27:35,786 DEBUG o.s.w.f.GenericFilterBean [localhost-startStop-1] Initializing filter 'CORSFilter'
2020-04-06 13:27:35,786 DEBUG o.s.w.f.GenericFilterBean [localhost-startStop-1] Filter 'CORSFilter' configured successfully
2020-04-06 13:27:38,407 INFO o.s.b.StartupInfoLogger [main] Started CMRestServiceApplication in 6.77 seconds (JVM running for 8.299)
2020-04-06 13:27:43,443 DEBUG o.a.i.l.j.BaseJdbcLogger [http-nio-5001-exec-1] ==>  Preparing: select user_id from user_details where email=? 
2020-04-06 13:27:43,487 DEBUG o.a.i.l.j.BaseJdbcLogger [http-nio-5001-exec-1] ==> Parameters: ashok.vyas.ext@bureauveritas.com(String)
2020-04-06 13:27:43,568 DEBUG o.a.i.l.j.BaseJdbcLogger [http-nio-5001-exec-1] <==      Total: 0
2020-04-06 13:27:43,595 DEBUG o.a.i.l.j.BaseJdbcLogger [http-nio-5001-exec-1] ==>  Preparing: insert into user_details(name, email, phone, password) values(?, ?, ?, ?) 
2020-04-06 13:27:43,599 DEBUG o.a.i.l.j.BaseJdbcLogger [http-nio-5001-exec-1] ==> Parameters: ashok(String), ashok.vyas.ext@bureauveritas.com(String), 121212(String), 12345(String)
2020-04-06 13:27:43,601 DEBUG o.a.i.l.j.BaseJdbcLogger [http-nio-5001-exec-1] <==    Updates: 1
2020-04-06 13:27:43,605 INFO c.c.c.a.a.NotificationAspect [http-nio-5001-exec-1] Notification Event: REGISTRATION
2020-04-06 13:27:43,611 DEBUG c.c.c.s.EmailService [http-nio-5001-exec-1] creating email content for email template: NEW_REGISTRATION
2020-04-06 13:27:44,082 DEBUG c.c.c.s.EmailService [http-nio-5001-exec-1] ==============================================
2020-04-06 13:27:44,083 DEBUG c.c.c.s.EmailService [http-nio-5001-exec-1] FROM: ashokvyas82@gmail.com
2020-04-06 13:27:44,084 DEBUG c.c.c.s.EmailService [http-nio-5001-exec-1] TO: ashok.vyas.ext@bureauveritas.com
2020-04-06 13:27:44,085 DEBUG c.c.c.s.EmailService [http-nio-5001-exec-1] CC: ashok.vyas.ext@bureauveritas.com
2020-04-06 13:27:44,086 DEBUG c.c.c.s.EmailService [http-nio-5001-exec-1] ----------------------------------------------
2020-04-06 13:27:44,086 DEBUG c.c.c.s.EmailService [http-nio-5001-exec-1] SUBJECT: New Registration
2020-04-06 13:27:44,086 DEBUG c.c.c.s.EmailService [http-nio-5001-exec-1] ----------------------------------------------
2020-04-06 13:27:44,087 DEBUG c.c.c.s.EmailService [http-nio-5001-exec-1] <!DOCTYPE html>

<html>
<head>
<title>New Registration</title>

<meta http-equiv="Content-Type" content="text/html; charset=UTF-8" />
<meta name="viewport" content="width=device-width, initial-scale=1.0" />
<style>
body {
	color: rgb(14, 23, 104);
}

table {
	border-collapse: collapse;
}

table, td, th {
	border: 1px solid black;
}

th, td {
	padding: 15px;
	text-align: center;
}

.templeteContainer {
	width: 100%;
	margin-left: auto;
	margin-right: auto;
	margin-top: 0;
	margin-bottom: 0;
	max-width: 62.5em;
	position: relative;
	padding-left: 0.9375em;
	padding-right: 0.9375em;
}
</style>
</head>
<body class="templeteContainer" style="text-align: justify;">
	Good day,<br /><br /> 
	
	The user <span>ashok</span> with email id <span>ashok.vyas.ext@bureauveritas.com</span> has been created.

	
	<br /><br /><br /><br /> 

    Note: this email is an automatic notification. Please do not reply directly.
</body>
</html>
2020-04-06 13:27:44,088 DEBUG c.c.c.s.EmailService [http-nio-5001-exec-1] ----------------------------------------------
2020-04-06 13:27:54,372 DEBUG c.c.c.s.EmailService [http-nio-5001-exec-1] email sent successfully
2020-04-06 13:27:54,374 DEBUG c.c.c.s.EmailService [http-nio-5001-exec-1] ==============================================
2020-04-07 15:33:45,498 INFO o.s.b.StartupInfoLogger [main] Starting CMRestServiceApplication on L10INMUM01D2507 with PID 5288 (D:\courier_management\courier-management\cm-rest-service\target\classes started by asvyas in D:\courier_management\courier-management\cm-rest-service)
2020-04-07 15:33:45,518 DEBUG o.s.b.StartupInfoLogger [main] Running with Spring Boot v1.5.9.RELEASE, Spring v4.3.13.RELEASE
2020-04-07 15:33:45,520 INFO o.s.b.SpringApplication [main] No active profile set, falling back to default profiles: default
2020-04-07 15:33:53,157 DEBUG o.s.w.f.GenericFilterBean [localhost-startStop-1] Initializing filter 'CORSFilter'
2020-04-07 15:33:53,158 DEBUG o.s.w.f.GenericFilterBean [localhost-startStop-1] Filter 'CORSFilter' configured successfully
2020-04-07 15:33:56,648 INFO o.s.b.StartupInfoLogger [main] Started CMRestServiceApplication in 12.155 seconds (JVM running for 15.786)
2020-04-07 15:35:46,076 INFO o.s.b.StartupInfoLogger [main] Starting CMRestServiceApplication on L10INMUM01D2507 with PID 15876 (D:\courier_management\courier-management\cm-rest-service\target\classes started by asvyas in D:\courier_management\courier-management\cm-rest-service)
2020-04-07 15:35:46,082 DEBUG o.s.b.StartupInfoLogger [main] Running with Spring Boot v1.5.9.RELEASE, Spring v4.3.13.RELEASE
2020-04-07 15:35:46,082 INFO o.s.b.SpringApplication [main] No active profile set, falling back to default profiles: default
2020-04-07 15:35:49,390 DEBUG o.s.w.f.GenericFilterBean [localhost-startStop-1] Initializing filter 'CORSFilter'
2020-04-07 15:35:49,391 DEBUG o.s.w.f.GenericFilterBean [localhost-startStop-1] Filter 'CORSFilter' configured successfully
2020-04-07 15:35:51,874 INFO o.s.b.StartupInfoLogger [main] Started CMRestServiceApplication in 6.1 seconds (JVM running for 8.019)
2020-04-07 15:36:08,941 DEBUG o.a.i.l.j.BaseJdbcLogger [http-nio-5001-exec-1] ==>  Preparing: select user_id from user_details where email=? 
2020-04-07 15:36:08,976 DEBUG o.a.i.l.j.BaseJdbcLogger [http-nio-5001-exec-1] ==> Parameters: dsds@ddf.gfgf(String)
2020-04-07 15:36:09,287 DEBUG o.a.i.l.j.BaseJdbcLogger [http-nio-5001-exec-1] <==      Total: 0
2020-04-07 15:36:20,542 DEBUG o.a.i.l.j.BaseJdbcLogger [http-nio-5001-exec-1] ==>  Preparing: insert into user_details(name, email, phone, password) values(?, ?, ?, ?) 
2020-04-07 15:36:20,545 DEBUG o.a.i.l.j.BaseJdbcLogger [http-nio-5001-exec-1] ==> Parameters: sadadd(String), dsds@ddf.gfgf(String), 2323(String), 232323(String)
2020-04-07 15:36:23,895 DEBUG o.a.i.l.j.BaseJdbcLogger [http-nio-5001-exec-1] <==    Updates: 1
2020-04-07 15:36:23,905 INFO c.c.c.a.a.NotificationAspect [http-nio-5001-exec-1] Notification Event: REGISTRATION
2020-04-07 15:36:23,914 DEBUG c.c.c.s.EmailService [http-nio-5001-exec-1] creating email content for email template: NEW_REGISTRATION
2020-04-07 15:36:24,443 DEBUG c.c.c.s.EmailService [http-nio-5001-exec-1] ==============================================
2020-04-07 15:36:24,444 DEBUG c.c.c.s.EmailService [http-nio-5001-exec-1] FROM: ashokvyas82@gmail.com
2020-04-07 15:36:24,444 DEBUG c.c.c.s.EmailService [http-nio-5001-exec-1] TO: dsds@ddf.gfgf
2020-04-07 15:36:24,445 DEBUG c.c.c.s.EmailService [http-nio-5001-exec-1] CC: dsds@ddf.gfgf
2020-04-07 15:36:24,445 DEBUG c.c.c.s.EmailService [http-nio-5001-exec-1] ----------------------------------------------
2020-04-07 15:36:24,445 DEBUG c.c.c.s.EmailService [http-nio-5001-exec-1] SUBJECT: New Registration
2020-04-07 15:36:24,446 DEBUG c.c.c.s.EmailService [http-nio-5001-exec-1] ----------------------------------------------
2020-04-07 15:36:24,446 DEBUG c.c.c.s.EmailService [http-nio-5001-exec-1] <!DOCTYPE html>

<html>
<head>
<title>New Registration</title>

<meta http-equiv="Content-Type" content="text/html; charset=UTF-8" />
<meta name="viewport" content="width=device-width, initial-scale=1.0" />
<style>
body {
	color: rgb(14, 23, 104);
}

table {
	border-collapse: collapse;
}

table, td, th {
	border: 1px solid black;
}

th, td {
	padding: 15px;
	text-align: center;
}

.templeteContainer {
	width: 100%;
	margin-left: auto;
	margin-right: auto;
	margin-top: 0;
	margin-bottom: 0;
	max-width: 62.5em;
	position: relative;
	padding-left: 0.9375em;
	padding-right: 0.9375em;
}
</style>
</head>
<body class="templeteContainer" style="text-align: justify;">
	Good day,<br /><br /> 
	
	The user <span>sadadd</span> with email id <span>dsds@ddf.gfgf</span> has been created.

	
	<br /><br /><br /><br /> 

    Note: this email is an automatic notification. Please do not reply directly.
</body>
</html>
2020-04-07 15:36:24,446 DEBUG c.c.c.s.EmailService [http-nio-5001-exec-1] ----------------------------------------------
2020-04-07 15:36:34,089 DEBUG c.c.c.s.EmailService [http-nio-5001-exec-1] email sending failed
2020-04-07 15:36:34,090 DEBUG c.c.c.s.EmailService [http-nio-5001-exec-1] ==============================================
2020-04-17 17:49:34,250 INFO o.s.b.StartupInfoLogger [main] Starting CMRestServiceApplication on L10INMUM01D2507 with PID 10092 (D:\courier_management\courier-management\cm-rest-service\target\classes started by asvyas in D:\courier_management\courier-management\cm-rest-service)
2020-04-17 17:49:34,258 DEBUG o.s.b.StartupInfoLogger [main] Running with Spring Boot v1.5.9.RELEASE, Spring v4.3.13.RELEASE
2020-04-17 17:49:34,259 INFO o.s.b.SpringApplication [main] No active profile set, falling back to default profiles: default
2020-04-17 17:54:15,908 INFO o.s.b.StartupInfoLogger [main] Starting CMRestServiceApplication on L10INMUM01D2507 with PID 16984 (D:\courier_management\courier-management\cm-rest-service\target\classes started by asvyas in D:\courier_management\courier-management\cm-rest-service)
2020-04-17 17:54:15,916 DEBUG o.s.b.StartupInfoLogger [main] Running with Spring Boot v1.5.9.RELEASE, Spring v4.3.13.RELEASE
2020-04-17 17:54:15,917 INFO o.s.b.SpringApplication [main] No active profile set, falling back to default profiles: default
2020-04-17 18:15:05,610 INFO o.s.b.StartupInfoLogger [main] Starting CMRestServiceApplication on L10INMUM01D2507 with PID 308 (D:\courier_management\courier-management\cm-rest-service\target\classes started by asvyas in D:\courier_management\courier-management\cm-rest-service)
2020-04-17 18:15:05,620 DEBUG o.s.b.StartupInfoLogger [main] Running with Spring Boot v1.5.9.RELEASE, Spring v4.3.13.RELEASE
2020-04-17 18:15:05,620 INFO o.s.b.SpringApplication [main] No active profile set, falling back to default profiles: default
2020-04-17 18:47:08,568 INFO o.s.b.StartupInfoLogger [main] Starting CMRestServiceApplication on L10INMUM01D2507 with PID 11172 (D:\courier_management\courier-management\cm-rest-service\target\classes started by asvyas in D:\courier_management\courier-management\cm-rest-service)
2020-04-17 18:47:08,578 DEBUG o.s.b.StartupInfoLogger [main] Running with Spring Boot v1.5.9.RELEASE, Spring v4.3.13.RELEASE
2020-04-17 18:47:08,578 INFO o.s.b.SpringApplication [main] No active profile set, falling back to default profiles: default
2020-04-17 18:47:39,672 INFO o.s.b.StartupInfoLogger [main] Starting CMRestServiceApplication on L10INMUM01D2507 with PID 1020 (D:\courier_management\courier-management\cm-rest-service\target\classes started by asvyas in D:\courier_management\courier-management\cm-rest-service)
2020-04-17 18:47:39,680 DEBUG o.s.b.StartupInfoLogger [main] Running with Spring Boot v1.5.9.RELEASE, Spring v4.3.13.RELEASE
2020-04-17 18:47:39,681 INFO o.s.b.SpringApplication [main] No active profile set, falling back to default profiles: default
2020-04-18 10:29:33,199 INFO o.s.b.StartupInfoLogger [main] Starting CMRestServiceApplication on L10INMUM01D2507 with PID 14412 (D:\courier_management\courier-management\cm-rest-service\target\classes started by asvyas in D:\courier_management\courier-management\cm-rest-service)
2020-04-18 10:29:33,229 DEBUG o.s.b.StartupInfoLogger [main] Running with Spring Boot v1.5.9.RELEASE, Spring v4.3.13.RELEASE
2020-04-18 10:29:33,230 INFO o.s.b.SpringApplication [main] No active profile set, falling back to default profiles: default
2020-04-18 10:32:09,600 INFO o.s.b.StartupInfoLogger [main] Starting CMRestServiceApplication on L10INMUM01D2507 with PID 2688 (D:\courier_management\courier-management\cm-rest-service\target\classes started by asvyas in D:\courier_management\courier-management\cm-rest-service)
2020-04-18 10:32:09,609 DEBUG o.s.b.StartupInfoLogger [main] Running with Spring Boot v1.5.9.RELEASE, Spring v4.3.13.RELEASE
2020-04-18 10:32:09,610 INFO o.s.b.SpringApplication [main] No active profile set, falling back to default profiles: default
2020-04-18 11:41:47,761 INFO o.s.b.StartupInfoLogger [main] Starting CMRestServiceApplication on L10INMUM01D2507 with PID 9880 (D:\courier_management\courier-management\cm-rest-service\target\classes started by asvyas in D:\courier_management\courier-management\cm-rest-service)
2020-04-18 11:41:47,795 DEBUG o.s.b.StartupInfoLogger [main] Running with Spring Boot v1.5.9.RELEASE, Spring v4.3.13.RELEASE
2020-04-18 11:41:47,795 INFO o.s.b.SpringApplication [main] No active profile set, falling back to default profiles: default
2020-04-18 12:44:36,005 INFO o.s.b.StartupInfoLogger [main] Starting CMRestServiceApplication on L10INMUM01D2507 with PID 14104 (D:\cm2\courier-management\cm-rest-service\target\classes started by asvyas in D:\cm2\courier-management\cm-rest-service)
2020-04-18 12:44:36,036 DEBUG o.s.b.StartupInfoLogger [main] Running with Spring Boot v1.5.9.RELEASE, Spring v4.3.13.RELEASE
2020-04-18 12:44:36,037 INFO o.s.b.SpringApplication [main] No active profile set, falling back to default profiles: default
2020-04-18 12:58:37,158 INFO o.s.b.StartupInfoLogger [main] Starting CMRestServiceApplication on L10INMUM01D2507 with PID 5492 (D:\cm2\courier-management\cm-rest-service\target\classes started by asvyas in D:\cm2\courier-management\cm-rest-service)
2020-04-18 12:58:37,162 DEBUG o.s.b.StartupInfoLogger [main] Running with Spring Boot v1.5.9.RELEASE, Spring v4.3.13.RELEASE
2020-04-18 12:58:37,162 INFO o.s.b.SpringApplication [main] No active profile set, falling back to default profiles: default
2020-04-18 12:58:43,700 INFO o.s.b.StartupInfoLogger [main] Starting CMRestServiceApplication on L10INMUM01D2507 with PID 16352 (D:\cm2\courier-management\cm-rest-service\target\classes started by asvyas in D:\cm2\courier-management\cm-rest-service)
2020-04-18 12:58:43,705 DEBUG o.s.b.StartupInfoLogger [main] Running with Spring Boot v1.5.9.RELEASE, Spring v4.3.13.RELEASE
2020-04-18 12:58:43,705 INFO o.s.b.SpringApplication [main] No active profile set, falling back to default profiles: default
2020-04-18 13:02:05,607 INFO o.s.b.StartupInfoLogger [main] Starting CMRestServiceApplication on L10INMUM01D2507 with PID 10400 (D:\cm2\courier-management\cm-rest-service\target\classes started by asvyas in D:\cm2\courier-management\cm-rest-service)
2020-04-18 13:02:05,614 DEBUG o.s.b.StartupInfoLogger [main] Running with Spring Boot v1.5.9.RELEASE, Spring v4.3.13.RELEASE
2020-04-18 13:02:05,615 INFO o.s.b.SpringApplication [main] No active profile set, falling back to default profiles: default
2020-04-18 13:03:04,017 INFO o.s.b.StartupInfoLogger [main] Starting CMRestServiceApplication on L10INMUM01D2507 with PID 14744 (D:\cm2\courier-management\cm-rest-service\target\classes started by asvyas in D:\cm2\courier-management\cm-rest-service)
2020-04-18 13:03:04,022 DEBUG o.s.b.StartupInfoLogger [main] Running with Spring Boot v1.5.9.RELEASE, Spring v4.3.13.RELEASE
2020-04-18 13:03:04,022 INFO o.s.b.SpringApplication [main] No active profile set, falling back to default profiles: default
2020-04-18 13:04:07,144 INFO o.s.b.StartupInfoLogger [main] Starting CMRestServiceApplication on L10INMUM01D2507 with PID 11000 (D:\cm2\courier-management\cm-rest-service\target\classes started by asvyas in D:\cm2\courier-management\cm-rest-service)
2020-04-18 13:04:07,148 DEBUG o.s.b.StartupInfoLogger [main] Running with Spring Boot v1.5.9.RELEASE, Spring v4.3.13.RELEASE
2020-04-18 13:04:07,149 INFO o.s.b.SpringApplication [main] No active profile set, falling back to default profiles: default
2020-04-18 14:48:06,891 INFO o.s.b.StartupInfoLogger [main] Starting CMRestServiceApplication on L10INMUM01D2507 with PID 1992 (D:\cm2\courier-management\cm-rest-service\target\classes started by asvyas in D:\cm2\courier-management\cm-rest-service)
2020-04-18 14:48:06,897 DEBUG o.s.b.StartupInfoLogger [main] Running with Spring Boot v1.5.9.RELEASE, Spring v4.3.13.RELEASE
2020-04-18 14:48:06,897 INFO o.s.b.SpringApplication [main] No active profile set, falling back to default profiles: default
2020-04-18 14:57:12,725 INFO o.s.b.StartupInfoLogger [main] Starting CMRestServiceApplication on L10INMUM01D2507 with PID 9016 (D:\cm2\courier-management\cm-rest-service\target\classes started by asvyas in D:\cm2\courier-management\cm-rest-service)
2020-04-18 14:57:12,730 DEBUG o.s.b.StartupInfoLogger [main] Running with Spring Boot v1.5.9.RELEASE, Spring v4.3.13.RELEASE
2020-04-18 14:57:12,730 INFO o.s.b.SpringApplication [main] No active profile set, falling back to default profiles: default
2020-04-18 14:57:19,052 INFO o.s.b.StartupInfoLogger [main] Started CMRestServiceApplication in 6.589 seconds (JVM running for 7.561)
2020-04-18 14:57:44,268 INFO o.s.b.StartupInfoLogger [main] Starting CMRestServiceApplication on L10INMUM01D2507 with PID 14920 (D:\cm2\courier-management\cm-rest-service\target\classes started by asvyas in D:\cm2\courier-management\cm-rest-service)
2020-04-18 14:57:44,273 DEBUG o.s.b.StartupInfoLogger [main] Running with Spring Boot v1.5.9.RELEASE, Spring v4.3.13.RELEASE
2020-04-18 14:57:44,274 INFO o.s.b.SpringApplication [main] No active profile set, falling back to default profiles: default
2020-04-18 14:59:08,654 INFO o.s.b.StartupInfoLogger [main] Starting CMRestServiceApplication on L10INMUM01D2507 with PID 5496 (D:\cm2\courier-management\cm-rest-service\target\classes started by asvyas in D:\cm2\courier-management\cm-rest-service)
2020-04-18 14:59:08,658 DEBUG o.s.b.StartupInfoLogger [main] Running with Spring Boot v1.5.9.RELEASE, Spring v4.3.13.RELEASE
2020-04-18 14:59:08,658 INFO o.s.b.SpringApplication [main] No active profile set, falling back to default profiles: default
2020-04-18 15:03:13,842 INFO o.s.b.StartupInfoLogger [main] Starting CMRestServiceApplication on L10INMUM01D2507 with PID 14084 (D:\cm2\courier-management\cm-rest-service\target\classes started by asvyas in D:\cm2\courier-management\cm-rest-service)
2020-04-18 15:03:13,846 DEBUG o.s.b.StartupInfoLogger [main] Running with Spring Boot v1.5.9.RELEASE, Spring v4.3.13.RELEASE
2020-04-18 15:03:13,846 INFO o.s.b.SpringApplication [main] No active profile set, falling back to default profiles: default
2020-04-18 15:03:53,376 INFO o.s.b.StartupInfoLogger [main] Starting CMRestServiceApplication on L10INMUM01D2507 with PID 2220 (D:\cm2\courier-management\cm-rest-service\target\classes started by asvyas in D:\cm2\courier-management\cm-rest-service)
2020-04-18 15:03:53,381 DEBUG o.s.b.StartupInfoLogger [main] Running with Spring Boot v1.5.9.RELEASE, Spring v4.3.13.RELEASE
2020-04-18 15:03:53,381 INFO o.s.b.SpringApplication [main] No active profile set, falling back to default profiles: default
2020-04-18 15:04:20,886 INFO o.s.b.StartupInfoLogger [main] Starting CMRestServiceApplication on L10INMUM01D2507 with PID 13552 (D:\cm2\courier-management\cm-rest-service\target\classes started by asvyas in D:\cm2\courier-management\cm-rest-service)
2020-04-18 15:04:20,891 DEBUG o.s.b.StartupInfoLogger [main] Running with Spring Boot v1.5.9.RELEASE, Spring v4.3.13.RELEASE
2020-04-18 15:04:20,891 INFO o.s.b.SpringApplication [main] No active profile set, falling back to default profiles: default
2020-04-18 15:05:09,369 INFO o.s.b.StartupInfoLogger [main] Starting CMRestServiceApplication on L10INMUM01D2507 with PID 8280 (D:\cm2\courier-management\cm-rest-service\target\classes started by asvyas in D:\cm2\courier-management\cm-rest-service)
2020-04-18 15:05:09,373 DEBUG o.s.b.StartupInfoLogger [main] Running with Spring Boot v1.5.9.RELEASE, Spring v4.3.13.RELEASE
2020-04-18 15:05:09,374 INFO o.s.b.SpringApplication [main] No active profile set, falling back to default profiles: default
2020-04-18 15:05:15,180 INFO o.s.b.StartupInfoLogger [main] Started CMRestServiceApplication in 6.075 seconds (JVM running for 7.072)
2020-04-18 15:06:29,507 INFO o.s.b.StartupInfoLogger [main] Starting CMRestServiceApplication on L10INMUM01D2507 with PID 13964 (D:\cm2\courier-management\cm-rest-service\target\classes started by asvyas in D:\cm2\courier-management\cm-rest-service)
2020-04-18 15:06:29,511 DEBUG o.s.b.StartupInfoLogger [main] Running with Spring Boot v1.5.9.RELEASE, Spring v4.3.13.RELEASE
2020-04-18 15:06:29,511 INFO o.s.b.SpringApplication [main] No active profile set, falling back to default profiles: default
2020-04-18 15:31:43,435 INFO o.s.b.StartupInfoLogger [main] Starting CMRestServiceApplication on L10INMUM01D2507 with PID 14544 (D:\cm2\courier-management\cm-rest-service\target\classes started by asvyas in D:\cm2\courier-management\cm-rest-service)
2020-04-18 15:31:43,440 DEBUG o.s.b.StartupInfoLogger [main] Running with Spring Boot v1.5.9.RELEASE, Spring v4.3.13.RELEASE
2020-04-18 15:31:43,441 INFO o.s.b.SpringApplication [main] No active profile set, falling back to default profiles: default
2020-04-18 15:54:33,063 INFO o.s.b.StartupInfoLogger [main] Starting CMRestServiceApplication on L10INMUM01D2507 with PID 15128 (D:\cm2\courier-management\cm-rest-service\target\classes started by asvyas in D:\cm2\courier-management\cm-rest-service)
2020-04-18 15:54:33,067 DEBUG o.s.b.StartupInfoLogger [main] Running with Spring Boot v1.5.9.RELEASE, Spring v4.3.13.RELEASE
2020-04-18 15:54:33,067 INFO o.s.b.SpringApplication [main] No active profile set, falling back to default profiles: default
2020-04-18 15:59:59,174 INFO o.s.b.StartupInfoLogger [main] Starting CMRestServiceApplication on L10INMUM01D2507 with PID 5680 (D:\cm2\courier-management\cm-rest-service\target\classes started by asvyas in D:\cm2\courier-management\cm-rest-service)
2020-04-18 15:59:59,179 DEBUG o.s.b.StartupInfoLogger [main] Running with Spring Boot v1.5.9.RELEASE, Spring v4.3.13.RELEASE
2020-04-18 15:59:59,180 INFO o.s.b.SpringApplication [main] No active profile set, falling back to default profiles: default
2020-04-18 16:09:07,915 INFO o.s.b.StartupInfoLogger [main] Starting CMRestServiceApplication on L10INMUM01D2507 with PID 4272 (D:\cm2\courier-management\cm-rest-service\target\classes started by asvyas in D:\cm2\courier-management\cm-rest-service)
2020-04-18 16:09:07,923 DEBUG o.s.b.StartupInfoLogger [main] Running with Spring Boot v1.5.9.RELEASE, Spring v4.3.13.RELEASE
2020-04-18 16:09:07,924 INFO o.s.b.SpringApplication [main] No active profile set, falling back to default profiles: default
2020-04-18 16:13:16,276 INFO o.s.b.StartupInfoLogger [main] Starting CMRestServiceApplication on L10INMUM01D2507 with PID 10280 (D:\cm2\courier-management\cm-rest-service\target\classes started by asvyas in D:\cm2\courier-management\cm-rest-service)
2020-04-18 16:13:16,282 DEBUG o.s.b.StartupInfoLogger [main] Running with Spring Boot v1.5.9.RELEASE, Spring v4.3.13.RELEASE
2020-04-18 16:13:16,283 INFO o.s.b.SpringApplication [main] No active profile set, falling back to default profiles: default
2020-04-18 16:15:11,408 INFO o.s.b.StartupInfoLogger [main] Starting CMRestServiceApplication on L10INMUM01D2507 with PID 6268 (D:\cm2\courier-management\cm-rest-service\target\classes started by asvyas in D:\cm2\courier-management\cm-rest-service)
2020-04-18 16:15:11,413 DEBUG o.s.b.StartupInfoLogger [main] Running with Spring Boot v1.5.9.RELEASE, Spring v4.3.13.RELEASE
2020-04-18 16:15:11,413 INFO o.s.b.SpringApplication [main] No active profile set, falling back to default profiles: default
2020-04-20 10:43:24,021 INFO o.s.b.StartupInfoLogger [main] Starting CMRestServiceApplication on L10INMUM01D2507 with PID 16324 (D:\cm2\courier-management\cm-rest-service\target\classes started by asvyas in D:\cm2\courier-management\cm-rest-service)
2020-04-20 10:43:24,118 DEBUG o.s.b.StartupInfoLogger [main] Running with Spring Boot v1.5.9.RELEASE, Spring v4.3.13.RELEASE
2020-04-20 10:43:24,119 INFO o.s.b.SpringApplication [main] No active profile set, falling back to default profiles: default
2020-04-20 11:36:58,211 INFO o.s.b.StartupInfoLogger [main] Starting CMRestServiceApplication on L10INMUM01D2507 with PID 11748 (D:\cm2\courier-management\cm-rest-service\target\classes started by asvyas in D:\cm2\courier-management\cm-rest-service)
2020-04-20 11:36:58,255 DEBUG o.s.b.StartupInfoLogger [main] Running with Spring Boot v1.5.9.RELEASE, Spring v4.3.13.RELEASE
2020-04-20 11:36:58,255 INFO o.s.b.SpringApplication [main] No active profile set, falling back to default profiles: default
2020-04-20 11:48:56,336 INFO o.s.b.StartupInfoLogger [main] Starting CMRestServiceApplication on L10INMUM01D2507 with PID 1912 (D:\cm2\courier-management\cm-rest-service\target\classes started by asvyas in D:\cm2\courier-management\cm-rest-service)
2020-04-20 11:48:56,349 DEBUG o.s.b.StartupInfoLogger [main] Running with Spring Boot v1.5.9.RELEASE, Spring v4.3.13.RELEASE
2020-04-20 11:48:56,350 INFO o.s.b.SpringApplication [main] No active profile set, falling back to default profiles: default
2020-04-20 13:26:50,343 INFO o.s.b.StartupInfoLogger [main] Starting CMRestServiceApplication on L10INMUM01D2507 with PID 2628 (D:\cm2\courier-management\cm-rest-service\target\classes started by asvyas in D:\cm2\courier-management\cm-rest-service)
2020-04-20 13:26:50,351 DEBUG o.s.b.StartupInfoLogger [main] Running with Spring Boot v1.5.9.RELEASE, Spring v4.3.13.RELEASE
2020-04-20 13:26:50,352 INFO o.s.b.SpringApplication [main] No active profile set, falling back to default profiles: default
2020-04-20 13:27:00,109 INFO o.s.b.StartupInfoLogger [main] Started CMRestServiceApplication in 10.109 seconds (JVM running for 11.512)
2020-04-20 13:32:19,649 INFO o.s.b.StartupInfoLogger [main] Starting CMRestServiceApplication on L10INMUM01D2507 with PID 5560 (D:\cm2\courier-management\cm-rest-service\target\classes started by asvyas in D:\cm2\courier-management\cm-rest-service)
2020-04-20 13:32:19,657 DEBUG o.s.b.StartupInfoLogger [main] Running with Spring Boot v1.5.9.RELEASE, Spring v4.3.13.RELEASE
2020-04-20 13:32:19,658 INFO o.s.b.SpringApplication [main] No active profile set, falling back to default profiles: default
2020-04-20 13:34:08,082 INFO o.s.b.StartupInfoLogger [main] Starting CMRestServiceApplication on L10INMUM01D2507 with PID 11668 (D:\cm2\courier-management\cm-rest-service\target\classes started by asvyas in D:\cm2\courier-management\cm-rest-service)
2020-04-20 13:34:08,091 DEBUG o.s.b.StartupInfoLogger [main] Running with Spring Boot v1.5.9.RELEASE, Spring v4.3.13.RELEASE
2020-04-20 13:34:08,091 INFO o.s.b.SpringApplication [main] No active profile set, falling back to default profiles: default
2020-04-20 14:10:04,778 INFO o.s.b.StartupInfoLogger [main] Starting CMRestServiceApplication on L10INMUM01D2507 with PID 18080 (D:\cm2\courier-management\cm-rest-service\target\classes started by asvyas in D:\cm2\courier-management\cm-rest-service)
2020-04-20 14:10:04,788 DEBUG o.s.b.StartupInfoLogger [main] Running with Spring Boot v1.5.9.RELEASE, Spring v4.3.13.RELEASE
2020-04-20 14:10:04,789 INFO o.s.b.SpringApplication [main] No active profile set, falling back to default profiles: default
2020-04-20 14:10:13,494 INFO o.s.b.StartupInfoLogger [main] Started CMRestServiceApplication in 9.101 seconds (JVM running for 10.56)
2020-04-20 14:51:42,030 INFO o.s.b.StartupInfoLogger [main] Starting CMRestServiceApplication on L10INMUM01D2507 with PID 12164 (D:\cm2\courier-management\cm-rest-service\target\classes started by asvyas in D:\cm2\courier-management\cm-rest-service)
2020-04-20 14:51:42,044 DEBUG o.s.b.StartupInfoLogger [main] Running with Spring Boot v1.5.9.RELEASE, Spring v4.3.13.RELEASE
2020-04-20 14:51:42,044 INFO o.s.b.SpringApplication [main] No active profile set, falling back to default profiles: default
2020-04-20 14:51:54,297 INFO o.s.b.StartupInfoLogger [main] Started CMRestServiceApplication in 12.693 seconds (JVM running for 14.442)
2020-04-20 14:52:21,589 DEBUG c.c.f.JwtTokenAuthenticationFilter [http-nio-5001-exec-2] checking if token is provided: /api/login/authenticate
2020-04-20 14:52:21,591 DEBUG c.c.f.JwtTokenAuthenticationFilter [http-nio-5001-exec-2] token not provided
2020-04-20 14:52:58,479 DEBUG o.a.i.l.j.BaseJdbcLogger [http-nio-5001-exec-2] ==>  Preparing: select * from user_details where email=? 
2020-04-20 14:52:59,005 DEBUG o.a.i.l.j.BaseJdbcLogger [http-nio-5001-exec-2] ==> Parameters: ddddd@sdsd.fgfgf(String)
2020-04-20 14:53:00,217 DEBUG o.a.i.l.j.BaseJdbcLogger [http-nio-5001-exec-2] <==      Total: 3
2020-04-20 14:53:48,389 DEBUG c.c.f.JwtTokenAuthenticationFilter [http-nio-5001-exec-3] checking if token is provided: /api/login/authenticate
2020-04-20 14:53:48,389 DEBUG c.c.f.JwtTokenAuthenticationFilter [http-nio-5001-exec-3] token not provided
2020-04-20 14:53:57,864 DEBUG o.a.i.l.j.BaseJdbcLogger [http-nio-5001-exec-3] ==>  Preparing: select * from user_details where email=? 
2020-04-20 14:53:57,873 DEBUG o.a.i.l.j.BaseJdbcLogger [http-nio-5001-exec-3] ==> Parameters: ashok.vyas.ext@bureauveritas.com(String)
2020-04-20 14:53:57,893 DEBUG o.a.i.l.j.BaseJdbcLogger [http-nio-5001-exec-3] <==      Total: 1
2020-04-20 14:58:17,651 INFO o.s.b.StartupInfoLogger [main] Starting CMRestServiceApplication on L10INMUM01D2507 with PID 16944 (D:\cm2\courier-management\cm-rest-service\target\classes started by asvyas in D:\cm2\courier-management\cm-rest-service)
2020-04-20 14:58:17,660 DEBUG o.s.b.StartupInfoLogger [main] Running with Spring Boot v1.5.9.RELEASE, Spring v4.3.13.RELEASE
2020-04-20 14:58:17,661 INFO o.s.b.SpringApplication [main] No active profile set, falling back to default profiles: default
2020-04-20 15:05:57,880 INFO o.s.b.StartupInfoLogger [main] Starting CMRestServiceApplication on L10INMUM01D2507 with PID 17416 (D:\cm2\courier-management\cm-rest-service\target\classes started by asvyas in D:\cm2\courier-management\cm-rest-service)
2020-04-20 15:05:57,888 DEBUG o.s.b.StartupInfoLogger [main] Running with Spring Boot v1.5.9.RELEASE, Spring v4.3.13.RELEASE
2020-04-20 15:05:57,888 INFO o.s.b.SpringApplication [main] No active profile set, falling back to default profiles: default
2020-04-20 15:11:14,113 INFO o.s.b.StartupInfoLogger [main] Starting CMRestServiceApplication on L10INMUM01D2507 with PID 17748 (D:\cm2\courier-management\cm-rest-service\target\classes started by asvyas in D:\cm2\courier-management\cm-rest-service)
2020-04-20 15:11:14,121 DEBUG o.s.b.StartupInfoLogger [main] Running with Spring Boot v1.5.9.RELEASE, Spring v4.3.13.RELEASE
2020-04-20 15:11:14,121 INFO o.s.b.SpringApplication [main] No active profile set, falling back to default profiles: default
2020-04-20 15:11:24,577 INFO o.s.b.StartupInfoLogger [main] Started CMRestServiceApplication in 10.893 seconds (JVM running for 12.343)
2020-04-20 15:11:41,882 DEBUG c.c.f.JwtTokenAuthenticationFilter [http-nio-5001-exec-1] checking if token is provided: /api/login/authenticate
2020-04-20 15:11:41,884 DEBUG c.c.f.JwtTokenAuthenticationFilter [http-nio-5001-exec-1] token not provided
2020-04-20 15:11:52,928 DEBUG o.a.i.l.j.BaseJdbcLogger [http-nio-5001-exec-1] ==>  Preparing: select * from user_details where email=? 
2020-04-20 15:11:53,409 DEBUG o.a.i.l.j.BaseJdbcLogger [http-nio-5001-exec-1] ==> Parameters: ashok.vyas.ext@bureauveritas.com(String)
2020-04-20 15:11:53,829 DEBUG o.a.i.l.j.BaseJdbcLogger [http-nio-5001-exec-1] <==      Total: 1
2020-04-20 15:23:02,845 DEBUG c.c.f.JwtTokenAuthenticationFilter [http-nio-5001-exec-3] checking if token is provided: /api/login/authenticate
2020-04-20 15:23:02,847 DEBUG c.c.f.JwtTokenAuthenticationFilter [http-nio-5001-exec-3] token not provided
2020-04-20 15:23:08,192 DEBUG o.a.i.l.j.BaseJdbcLogger [http-nio-5001-exec-3] ==>  Preparing: select * from user_details where email=? 
2020-04-20 15:23:08,196 DEBUG o.a.i.l.j.BaseJdbcLogger [http-nio-5001-exec-3] ==> Parameters: ashok.vyas.ext@bureauveritas.com(String)
2020-04-20 15:23:08,222 DEBUG o.a.i.l.j.BaseJdbcLogger [http-nio-5001-exec-3] <==      Total: 1
2020-04-20 15:24:26,479 DEBUG c.c.f.JwtTokenAuthenticationFilter [http-nio-5001-exec-4] checking if token is provided: /api/login/authenticate
2020-04-20 15:24:26,480 DEBUG c.c.f.JwtTokenAuthenticationFilter [http-nio-5001-exec-4] token not provided
2020-04-20 15:24:45,474 DEBUG o.a.i.l.j.BaseJdbcLogger [http-nio-5001-exec-4] ==>  Preparing: select * from user_details where email=? 
2020-04-20 15:24:45,475 DEBUG o.a.i.l.j.BaseJdbcLogger [http-nio-5001-exec-4] ==> Parameters: ashok.vyas.ext@bureauveritas.com(String)
2020-04-20 15:24:45,478 DEBUG o.a.i.l.j.BaseJdbcLogger [http-nio-5001-exec-4] <==      Total: 1
2020-04-20 15:26:06,448 DEBUG c.c.f.JwtTokenAuthenticationFilter [http-nio-5001-exec-6] checking if token is provided: /api/login/authenticate
2020-04-20 15:26:06,449 DEBUG c.c.f.JwtTokenAuthenticationFilter [http-nio-5001-exec-6] token not provided
2020-04-20 15:26:21,440 DEBUG o.a.i.l.j.BaseJdbcLogger [http-nio-5001-exec-6] ==>  Preparing: select * from user_details where email=? 
2020-04-20 15:26:21,450 DEBUG o.a.i.l.j.BaseJdbcLogger [http-nio-5001-exec-6] ==> Parameters: ashok.vyas.ext@bureauveritas.com(String)
2020-04-20 15:26:21,467 DEBUG o.a.i.l.j.BaseJdbcLogger [http-nio-5001-exec-6] <==      Total: 1
2020-04-20 15:30:38,527 DEBUG c.c.f.JwtTokenAuthenticationFilter [http-nio-5001-exec-8] checking if token is provided: /api/login/authenticate
2020-04-20 15:30:38,527 DEBUG c.c.f.JwtTokenAuthenticationFilter [http-nio-5001-exec-8] token not provided
2020-04-20 15:30:58,511 DEBUG o.a.i.l.j.BaseJdbcLogger [http-nio-5001-exec-8] ==>  Preparing: select * from user_details where email=? 
2020-04-20 15:30:58,518 DEBUG o.a.i.l.j.BaseJdbcLogger [http-nio-5001-exec-8] ==> Parameters: ashok.vyas.ext@bureauveritas.com(String)
2020-04-20 15:30:58,531 DEBUG o.a.i.l.j.BaseJdbcLogger [http-nio-5001-exec-8] <==      Total: 1
2020-04-20 15:59:02,909 INFO o.s.b.StartupInfoLogger [main] Starting CMRestServiceApplication on L10INMUM01D2507 with PID 9084 (D:\cm2\courier-management\cm-rest-service\target\classes started by asvyas in D:\cm2\courier-management\cm-rest-service)
2020-04-20 15:59:02,917 DEBUG o.s.b.StartupInfoLogger [main] Running with Spring Boot v1.5.9.RELEASE, Spring v4.3.13.RELEASE
2020-04-20 15:59:02,917 INFO o.s.b.SpringApplication [main] No active profile set, falling back to default profiles: default
2020-04-20 15:59:13,866 INFO o.s.b.StartupInfoLogger [main] Started CMRestServiceApplication in 11.396 seconds (JVM running for 12.974)
2020-04-20 16:00:18,900 DEBUG c.c.f.JwtTokenAuthenticationFilter [http-nio-5001-exec-1] checking if token is provided: /api/login/authenticate
2020-04-20 16:00:18,902 DEBUG c.c.f.JwtTokenAuthenticationFilter [http-nio-5001-exec-1] token not provided
2020-04-20 16:00:29,661 DEBUG o.a.i.l.j.BaseJdbcLogger [http-nio-5001-exec-1] ==>  Preparing: select * from user_details where email=? 
2020-04-20 16:00:30,905 DEBUG o.a.i.l.j.BaseJdbcLogger [http-nio-5001-exec-1] ==> Parameters: ashok.vyas.ext@bureauveritas.com(String)
2020-04-20 16:00:31,246 DEBUG o.a.i.l.j.BaseJdbcLogger [http-nio-5001-exec-1] <==      Total: 1
2020-04-20 16:06:04,800 INFO o.s.b.StartupInfoLogger [main] Starting CMRestServiceApplication on L10INMUM01D2507 with PID 13788 (D:\cm2\courier-management\cm-rest-service\target\classes started by asvyas in D:\cm2\courier-management\cm-rest-service)
2020-04-20 16:06:04,807 DEBUG o.s.b.StartupInfoLogger [main] Running with Spring Boot v1.5.9.RELEASE, Spring v4.3.13.RELEASE
2020-04-20 16:06:04,808 INFO o.s.b.SpringApplication [main] No active profile set, falling back to default profiles: default
2020-04-20 16:06:15,128 INFO o.s.b.StartupInfoLogger [main] Started CMRestServiceApplication in 10.808 seconds (JVM running for 12.403)
2020-04-20 16:06:23,157 DEBUG c.c.f.JwtTokenAuthenticationFilter [http-nio-5001-exec-1] checking if token is provided: /api/login/authenticate
2020-04-20 16:06:23,159 DEBUG c.c.f.JwtTokenAuthenticationFilter [http-nio-5001-exec-1] token not provided
2020-04-20 16:06:31,699 DEBUG o.a.i.l.j.BaseJdbcLogger [http-nio-5001-exec-1] ==>  Preparing: select * from user_details where email=? 
2020-04-20 16:06:32,062 DEBUG o.a.i.l.j.BaseJdbcLogger [http-nio-5001-exec-1] ==> Parameters: ashok.vyas.ext@bureauveritas.com(String)
2020-04-20 16:06:32,316 DEBUG o.a.i.l.j.BaseJdbcLogger [http-nio-5001-exec-1] <==      Total: 1
2020-04-20 16:07:31,433 DEBUG c.c.f.JwtTokenAuthenticationFilter [http-nio-5001-exec-2] checking if token is provided: /api/login/authenticate
2020-04-20 16:07:31,433 DEBUG c.c.f.JwtTokenAuthenticationFilter [http-nio-5001-exec-2] token not provided
2020-04-20 16:07:40,394 DEBUG o.a.i.l.j.BaseJdbcLogger [http-nio-5001-exec-2] ==>  Preparing: select * from user_details where email=? 
2020-04-20 16:07:40,395 DEBUG o.a.i.l.j.BaseJdbcLogger [http-nio-5001-exec-2] ==> Parameters: ashok.vyas.ext@bureauveritas.com(String)
2020-04-20 16:07:40,564 DEBUG o.a.i.l.j.BaseJdbcLogger [http-nio-5001-exec-2] <==      Total: 1
2020-04-20 16:12:10,274 INFO o.s.b.StartupInfoLogger [main] Starting CMRestServiceApplication on L10INMUM01D2507 with PID 18012 (D:\cm2\courier-management\cm-rest-service\target\classes started by asvyas in D:\cm2\courier-management\cm-rest-service)
2020-04-20 16:12:10,284 DEBUG o.s.b.StartupInfoLogger [main] Running with Spring Boot v1.5.9.RELEASE, Spring v4.3.13.RELEASE
2020-04-20 16:12:10,284 INFO o.s.b.SpringApplication [main] No active profile set, falling back to default profiles: default
2020-04-20 16:12:21,060 INFO o.s.b.StartupInfoLogger [main] Started CMRestServiceApplication in 11.204 seconds (JVM running for 12.804)
2020-04-20 16:12:31,531 INFO o.s.b.StartupInfoLogger [main] Starting CMRestServiceApplication on L10INMUM01D2507 with PID 5328 (D:\cm2\courier-management\cm-rest-service\target\classes started by asvyas in D:\cm2\courier-management\cm-rest-service)
2020-04-20 16:12:31,538 DEBUG o.s.b.StartupInfoLogger [main] Running with Spring Boot v1.5.9.RELEASE, Spring v4.3.13.RELEASE
2020-04-20 16:12:31,539 INFO o.s.b.SpringApplication [main] No active profile set, falling back to default profiles: default
2020-04-20 16:12:41,815 INFO o.s.b.StartupInfoLogger [main] Started CMRestServiceApplication in 10.751 seconds (JVM running for 12.328)
2020-04-20 16:12:49,449 DEBUG c.c.f.JwtTokenAuthenticationFilter [http-nio-5001-exec-1] checking if token is provided: /api/login/authenticate
2020-04-20 16:12:49,451 DEBUG c.c.f.JwtTokenAuthenticationFilter [http-nio-5001-exec-1] token not provided
2020-04-20 16:13:00,573 DEBUG o.a.i.l.j.BaseJdbcLogger [http-nio-5001-exec-1] ==>  Preparing: select * from user_details where email=? 
2020-04-20 16:13:00,973 DEBUG o.a.i.l.j.BaseJdbcLogger [http-nio-5001-exec-1] ==> Parameters: ashok.vyas.ext@bureauveritas.com(String)
2020-04-20 16:13:01,242 DEBUG o.a.i.l.j.BaseJdbcLogger [http-nio-5001-exec-1] <==      Total: 1
2020-04-20 16:14:07,662 INFO o.s.b.StartupInfoLogger [main] Starting CMRestServiceApplication on L10INMUM01D2507 with PID 16304 (D:\cm2\courier-management\cm-rest-service\target\classes started by asvyas in D:\cm2\courier-management\cm-rest-service)
2020-04-20 16:14:07,670 DEBUG o.s.b.StartupInfoLogger [main] Running with Spring Boot v1.5.9.RELEASE, Spring v4.3.13.RELEASE
2020-04-20 16:14:07,670 INFO o.s.b.SpringApplication [main] No active profile set, falling back to default profiles: default
2020-04-20 16:14:17,896 INFO o.s.b.StartupInfoLogger [main] Started CMRestServiceApplication in 10.652 seconds (JVM running for 12.224)
2020-04-20 16:14:27,587 DEBUG c.c.f.JwtTokenAuthenticationFilter [http-nio-5001-exec-2] checking if token is provided: /api/login/authenticate
2020-04-20 16:14:27,588 DEBUG c.c.f.JwtTokenAuthenticationFilter [http-nio-5001-exec-2] token not provided
2020-04-20 16:14:35,064 DEBUG o.a.i.l.j.BaseJdbcLogger [http-nio-5001-exec-2] ==>  Preparing: select * from user_details where email=? 
2020-04-20 16:14:35,412 DEBUG o.a.i.l.j.BaseJdbcLogger [http-nio-5001-exec-2] ==> Parameters: ashok.vyas.ext@bureauveritas.com(String)
2020-04-20 16:14:35,662 DEBUG o.a.i.l.j.BaseJdbcLogger [http-nio-5001-exec-2] <==      Total: 1
2020-04-20 16:15:27,183 DEBUG c.c.c.s.AuthenticationService [http-nio-5001-exec-2] profile before mychronos: ashok
2020-04-20 16:15:32,742 DEBUG c.c.c.s.AuthenticationService [http-nio-5001-exec-2] fullname************************************************::::Ashoknull
2020-04-20 16:15:34,507 DEBUG c.c.c.s.AuthenticationService [http-nio-5001-exec-2] Email************************************************::::null
